-outxml
-source
1.6
-target
1.6
-classpath
C:\Users\dt83019\.m2\repository\antlr\antlr\2.7.7\antlr-2.7.7.jar;C:\Users\dt83019\.m2\repository\aopalliance\aopalliance\1.0\aopalliance-1.0.jar;C:\Users\dt83019\.m2\repository\c3p0\c3p0\0.9.1.2\c3p0-0.9.1.2.jar;C:\Users\dt83019\.m2\repository\cglib\cglib-nodep\2.1_3\cglib-nodep-2.1_3.jar;C:\Users\dt83019\.m2\repository\ch\qos\logback\logback-classic\1.0.6\logback-classic-1.0.6.jar;C:\Users\dt83019\.m2\repository\ch\qos\logback\logback-core\1.0.6\logback-core-1.0.6.jar;C:\MasterBuildLatest\saec\saec-awd-rip-api\target\saec-awd-rip-api-1.1.0.RC2-SNAPSHOT.jar;C:\Users\dt83019\.m2\repository\com\bfds\saec\saec-batch-common\1.1.0.RC1\saec-batch-common-1.1.0.RC1.jar;C:\Users\dt83019\.m2\repository\com\bfds\saec\saec-batch-file-db-io\1.1.0.RC1\saec-batch-file-db-io-1.1.0.RC1.jar;C:\Users\dt83019\.m2\repository\com\bfds\saec\saec-batch-framework\1.1.0.RC1\saec-batch-framework-1.1.0.RC1.jar;C:\MasterBuildLatest\saec\saec-dao\target\saec-dao-1.1.0.RC2-SNAPSHOT.jar;C:\MasterBuildLatest\saec\saec-domain-modules\saec-domain-common\target\saec-domain-common-1.1.0.RC2-SNAPSHOT.jar;C:\MasterBuildLatest\saec\saec-infrastructure\target\saec-infrastructure-1.1.0.RC2-SNAPSHOT.jar;C:\MasterBuildLatest\saec\saec-integration\target\saec-integration-1.1.0.RC2-SNAPSHOT.jar;C:\Users\dt83019\.m2\repository\com\bfds\saec\saec-scheduling-infrastructure\1.1.0.RC1\saec-scheduling-infrastructure-1.1.0.RC1.jar;C:\Users\dt83019\.m2\repository\com\bfds\saec\saec-util\1.1.0.RC1\saec-util-1.1.0.RC1.jar;C:\MasterBuildLatest\saec\saec-domain-modules\saec-domain\target\saec-domain-1.1.0.RC2-SNAPSHOT.jar;C:\Users\dt83019\.m2\repository\com\google\guava\guava\13.0.1\guava-13.0.1.jar;C:\Users\dt83019\.m2\repository\com\icegreen\greenmail\1.3.1b\greenmail-1.3.1b.jar;C:\Users\dt83019\.m2\repository\com\sun\faces\jsf-api\2.0.4-b09\jsf-api-2.0.4-b09.jar;C:\Users\dt83019\.m2\repository\com\sun\xml\bind\jaxb-impl\2.2.4\jaxb-impl-2.2.4.jar;C:\Users\dt83019\.m2\repository\com\thoughtworks\xstream\xstream\1.3\xstream-1.3.jar;C:\Users\dt83019\.m2\repository\commons-codec\commons-codec\1.6\commons-codec-1.6.jar;C:\Users\dt83019\.m2\repository\commons-collections\commons-collections\3.2\commons-collections-3.2.jar;C:\Users\dt83019\.m2\repository\commons-dbcp\commons-dbcp\1.4\commons-dbcp-1.4.jar;C:\Users\dt83019\.m2\repository\commons-io\commons-io\1.4\commons-io-1.4.jar;C:\Users\dt83019\.m2\repository\commons-lang\commons-lang\2.5\commons-lang-2.5.jar;C:\Users\dt83019\.m2\repository\commons-logging\commons-logging\99.0.1.EMPTY\commons-logging-99.0.1.EMPTY.jar;C:\Users\dt83019\.m2\repository\dom4j\dom4j\1.6.1\dom4j-1.6.1.jar;C:\Users\dt83019\.m2\repository\javax\activation\activation\1.1\activation-1.1.jar;C:\Users\dt83019\.m2\repository\javax\inject\javax.inject\1\javax.inject-1.jar;C:\Users\dt83019\.m2\repository\javax\mail\mail\1.4.4\mail-1.4.4.jar;C:\Users\dt83019\.m2\repository\javax\transaction\jta\1.1\jta-1.1.jar;C:\Users\dt83019\.m2\repository\javax\validation\validation-api\1.0.0.GA\validation-api-1.0.0.GA.jar;C:\Users\dt83019\.m2\repository\javax\xml\bind\jaxb-api\2.2.2\jaxb-api-2.2.2.jar;C:\Users\dt83019\.m2\repository\javax\xml\stream\stax-api\1.0-2\stax-api-1.0-2.jar;C:\Users\dt83019\.m2\repository\joda-time\joda-time\1.6.2\joda-time-1.6.2.jar;C:\Users\dt83019\.m2\repository\joda-time\joda-time-hibernate\1.2\joda-time-hibernate-1.2.jar;C:\Users\dt83019\.m2\repository\mysql\mysql-connector-java\5.1.13\mysql-connector-java-5.1.13.jar;C:\Users\dt83019\.m2\repository\net\sf\ehcache\ehcache-core\2.4.3\ehcache-core-2.4.3.jar;C:\Users\dt83019\.m2\repository\net\sf\flexjson\flexjson\2.1\flexjson-2.1.jar;C:\Users\dt83019\.m2\repository\net\sourceforge\jtds\jtds\1.2.7\jtds-1.2.7.jar;C:\Users\dt83019\.m2\repository\org\apache\commons\commons-lang3\3.1\commons-lang3-3.1.jar;C:\Users\dt83019\.m2\repository\org\apache\poi\poi\3.8\poi-3.8.jar;C:\Users\dt83019\.m2\repository\org\apache\velocity\velocity\1.7\velocity-1.7.jar;C:\Users\dt83019\.m2\repository\org\aspectj\aspectjrt\1.6.11.RELEASE\aspectjrt-1.6.11.RELEASE.jar;C:\Users\dt83019\.m2\repository\org\aspectj\aspectjweaver\1.6.11.RELEASE\aspectjweaver-1.6.11.RELEASE.jar;C:\Users\dt83019\.m2\repository\org\codehaus\jackson\jackson-core-asl\1.9.8\jackson-core-asl-1.9.8.jar;C:\Users\dt83019\.m2\repository\org\codehaus\jackson\jackson-jaxrs\1.9.8\jackson-jaxrs-1.9.8.jar;C:\Users\dt83019\.m2\repository\org\codehaus\jackson\jackson-mapper-asl\1.9.8\jackson-mapper-asl-1.9.8.jar;C:\Users\dt83019\.m2\repository\org\codehaus\jettison\jettison\1.1\jettison-1.1.jar;C:\Users\dt83019\.m2\repository\org\freemarker\freemarker\2.3.15\freemarker-2.3.15.jar;C:\Users\dt83019\.m2\repository\org\hibernate\hibernate-core\4.1.5.Final\hibernate-core-4.1.5.Final.jar;C:\Users\dt83019\.m2\repository\org\hibernate\hibernate-ehcache\4.1.5.Final\hibernate-ehcache-4.1.5.Final.jar;C:\Users\dt83019\.m2\repository\org\hibernate\hibernate-entitymanager\4.1.5.Final\hibernate-entitymanager-4.1.5.Final.jar;C:\Users\dt83019\.m2\repository\org\hibernate\hibernate-envers\4.1.5.Final\hibernate-envers-4.1.5.Final.jar;C:\Users\dt83019\.m2\repository\org\hibernate\hibernate-jmx\3.5.5-Final\hibernate-jmx-3.5.5-Final.jar;C:\Users\dt83019\.m2\repository\org\hibernate\hibernate-validator\4.1.0.Final\hibernate-validator-4.1.0.Final.jar;C:\Users\dt83019\.m2\repository\org\hibernate\common\hibernate-commons-annotations\4.0.1.Final\hibernate-commons-annotations-4.0.1.Final.jar;C:\Users\dt83019\.m2\repository\org\hibernate\javax\persistence\hibernate-jpa-2.0-api\1.0.0.Final\hibernate-jpa-2.0-api-1.0.0.Final.jar;C:\Users\dt83019\.m2\repository\org\hsqldb\hsqldb\2.2.8\hsqldb-2.2.8.jar;C:\Users\dt83019\.m2\repository\org\javassist\javassist\3.15.0-GA\javassist-3.15.0-GA.jar;C:\Users\dt83019\.m2\repository\org\jboss\logging\jboss-logging\3.1.0.GA\jboss-logging-3.1.0.GA.jar;C:\Users\dt83019\.m2\repository\org\jboss\spec\javax\transaction\jboss-transaction-api_1.1_spec\1.0.0.Final\jboss-transaction-api_1.1_spec-1.0.0.Final.jar;C:\Users\dt83019\.m2\repository\org\quartz-scheduler\quartz\2.1.0\quartz-2.1.0.jar;C:\Users\dt83019\.m2\repository\org\slf4j\jcl-over-slf4j\1.6.5\jcl-over-slf4j-1.6.5.jar;C:\Users\dt83019\.m2\repository\org\slf4j\slf4j-api\1.6.5\slf4j-api-1.6.5.jar;C:\Users\dt83019\.m2\repository\org\springframework\spring-aop\3.1.1.RELEASE\spring-aop-3.1.1.RELEASE.jar;C:\Users\dt83019\.m2\repository\org\springframework\spring-asm\3.1.1.RELEASE\spring-asm-3.1.1.RELEASE.jar;C:\Users\dt83019\.m2\repository\org\springframework\spring-aspects\3.1.1.RELEASE\spring-aspects-3.1.1.RELEASE.jar;C:\Users\dt83019\.m2\repository\org\springframework\spring-beans\3.1.1.RELEASE\spring-beans-3.1.1.RELEASE.jar;C:\Users\dt83019\.m2\repository\org\springframework\spring-context\3.1.1.RELEASE\spring-context-3.1.1.RELEASE.jar;C:\Users\dt83019\.m2\repository\org\springframework\spring-context-support\3.1.1.RELEASE\spring-context-support-3.1.1.RELEASE.jar;C:\Users\dt83019\.m2\repository\org\springframework\spring-core\3.1.1.RELEASE\spring-core-3.1.1.RELEASE.jar;C:\Users\dt83019\.m2\repository\org\springframework\spring-expression\3.1.1.RELEASE\spring-expression-3.1.1.RELEASE.jar;C:\Users\dt83019\.m2\repository\org\springframework\spring-jdbc\3.1.1.RELEASE\spring-jdbc-3.1.1.RELEASE.jar;C:\Users\dt83019\.m2\repository\org\springframework\spring-orm\3.1.1.RELEASE\spring-orm-3.1.1.RELEASE.jar;C:\Users\dt83019\.m2\repository\org\springframework\spring-oxm\3.1.1.RELEASE\spring-oxm-3.1.1.RELEASE.jar;C:\Users\dt83019\.m2\repository\org\springframework\spring-tx\3.1.1.RELEASE\spring-tx-3.1.1.RELEASE.jar;C:\Users\dt83019\.m2\repository\org\springframework\spring-web\3.1.1.RELEASE\spring-web-3.1.1.RELEASE.jar;C:\Users\dt83019\.m2\repository\org\springframework\spring-webmvc\3.1.1.RELEASE\spring-webmvc-3.1.1.RELEASE.jar;C:\Users\dt83019\.m2\repository\org\springframework\batch\spring-batch-core\2.1.8.RELEASE\spring-batch-core-2.1.8.RELEASE.jar;C:\Users\dt83019\.m2\repository\org\springframework\batch\spring-batch-infrastructure\2.1.8.RELEASE\spring-batch-infrastructure-2.1.8.RELEASE.jar;C:\Users\dt83019\.m2\repository\org\springframework\batch\spring-batch-test\2.1.8.RELEASE\spring-batch-test-2.1.8.RELEASE.jar;C:\Users\dt83019\.m2\repository\org\springframework\integration\spring-integration-core\2.1.0.RELEASE\spring-integration-core-2.1.0.RELEASE.jar;C:\Users\dt83019\.m2\repository\org\springframework\integration\spring-integration-file\2.1.0.RELEASE\spring-integration-file-2.1.0.RELEASE.jar;C:\Users\dt83019\.m2\repository\org\springframework\integration\spring-integration-jdbc\2.1.0.RELEASE\spring-integration-jdbc-2.1.0.RELEASE.jar;C:\Users\dt83019\.m2\repository\org\springframework\roo\org.springframework.roo.annotations\1.2.2.RELEASE\org.springframework.roo.annotations-1.2.2.RELEASE.jar;C:\Users\dt83019\.m2\repository\xpp3\xpp3_min\1.1.4c\xpp3_min-1.1.4c.jar;C:\MasterBuildLatest\saec\saec-batch-modules\saec-address-research\target\classes
-aspectpath
C:\Users\dt83019\.m2\repository\org\springframework\spring-aspects\3.1.1.RELEASE\spring-aspects-3.1.1.RELEASE.jar
-d
C:\MasterBuildLatest\saec\saec-batch-modules\saec-address-research\target\classes
C:\MasterBuildLatest\saec\saec-batch-modules\saec-address-research\src\main\java\com\bfds\saec\batch\in\infoage_individaul\IndividualItemWriter.java
C:\MasterBuildLatest\saec\saec-batch-modules\saec-address-research\src\main\java\com\bfds\saec\batch\in\infoage\FileRecordItemWriterDecorator.java
C:\MasterBuildLatest\saec\saec-batch-modules\saec-address-research\src\main\java\com\bfds\saec\addressresearch\batch\OutAddressResearchSkipListener.java
C:\MasterBuildLatest\saec\saec-batch-modules\saec-address-research\src\main\java\com\bfds\saec\batch\out\infoage\AddressResearchJobParametersInvalidException.java
C:\MasterBuildLatest\saec\saec-batch-modules\saec-address-research\src\main\java\com\bfds\saec\addressresearch\batch\AddressResearchValidationHandler.java
C:\MasterBuildLatest\saec\saec-batch-modules\saec-address-research\src\main\java\com\bfds\saec\addressresearch\batch\SampleStepExecutionListener.java
C:\MasterBuildLatest\saec\saec-batch-modules\saec-address-research\src\main\java\com\bfds\saec\batch\in\infoage\InfoAgeInboundService.java
C:\MasterBuildLatest\saec\saec-batch-modules\saec-address-research\src\main\java\com\bfds\saec\batch\in\infoage\rule\RulesManager.java
C:\MasterBuildLatest\saec\saec-batch-modules\saec-address-research\src\main\java\com\bfds\saec\batch\in\infoage\rule\type\USState.java
C:\MasterBuildLatest\saec\saec-batch-modules\saec-address-research\src\main\java\com\bfds\saec\batch\out\infoage\AddressResearchOutboundNotification.java
C:\MasterBuildLatest\saec\saec-batch-modules\saec-address-research\src\main\java\com\bfds\saec\addressresearch\batch\InfoAgeBatchRetryListener.java
C:\MasterBuildLatest\saec\saec-batch-modules\saec-address-research\src\main\java\com\bfds\saec\batch\in\infoage\rule\type\NameChangeType.java
C:\MasterBuildLatest\saec\saec-batch-modules\saec-address-research\src\main\java\com\bfds\saec\addressresearch\batch\BaseElement.java
C:\MasterBuildLatest\saec\saec-batch-modules\saec-address-research\src\main\java\com\bfds\saec\batch\in\infoage_individaul\IndividualInfoAgeInboundServiceImpl.java
C:\MasterBuildLatest\saec\saec-batch-modules\saec-address-research\src\main\java\com\bfds\saec\batch\in\infoage\rule\type\SSNMatchType.java
C:\MasterBuildLatest\saec\saec-batch-modules\saec-address-research\src\main\java\com\bfds\saec\batch\in\infoage\AddressResearchNotification.java
C:\MasterBuildLatest\saec\saec-batch-modules\saec-address-research\src\main\java\com\bfds\saec\addressresearch\batch\AddressResearchJobLogger.java
C:\MasterBuildLatest\saec\saec-batch-modules\saec-address-research\src\main\java\com\bfds\saec\addressresearch\batch\InAddressResearchSkipListener.java
C:\MasterBuildLatest\saec\saec-batch-modules\saec-address-research\src\main\java\com\bfds\saec\batch\in\infoage_corporate\CorporateAddressResearch_Roo_ToString.aj
C:\MasterBuildLatest\saec\saec-batch-modules\saec-address-research\src\main\java\com\bfds\saec\batch\in\infoage\AddressResearchUtils.java
C:\MasterBuildLatest\saec\saec-batch-modules\saec-address-research\src\main\java\com\bfds\saec\batch\in\infoage\rule\SimpleRulesManager.java
C:\MasterBuildLatest\saec\saec-batch-modules\saec-address-research\src\main\java\com\bfds\saec\batch\out\infoage\AddressResearchClaimantSelectionCriteria_Roo_JavaBean.aj
C:\MasterBuildLatest\saec\saec-batch-modules\saec-address-research\src\main\java\com\bfds\saec\batch\out\infoage_corporate\CorporateItemProcessor.java
C:\MasterBuildLatest\saec\saec-batch-modules\saec-address-research\src\main\java\com\bfds\saec\batch\in\infoage_corporate\CorpInfoAgeInboundServiceImpl.java
C:\MasterBuildLatest\saec\saec-batch-modules\saec-address-research\src\main\java\com\bfds\saec\batch\out\infoage_individaul\IndividualInfoAgeOutboundServiceImpl.java
C:\MasterBuildLatest\saec\saec-batch-modules\saec-address-research\src\main\java\com\bfds\saec\batch\in\infoage\AddressResearchInboundService.java
C:\MasterBuildLatest\saec\saec-batch-modules\saec-address-research\src\main\java\com\bfds\saec\batch\out\infoage\AddressResearchOutboundNotification_Roo_JavaBean.aj
C:\MasterBuildLatest\saec\saec-batch-modules\saec-address-research\src\main\java\com\bfds\saec\batch\in\infoage\rule\type\OFACHitIndicatorType.java
C:\MasterBuildLatest\saec\saec-batch-modules\saec-address-research\src\main\java\com\bfds\saec\batch\in\infoage_corporate\CorporateAddressResearch_Roo_JavaBean.aj
C:\MasterBuildLatest\saec\saec-batch-modules\saec-address-research\src\main\java\com\bfds\saec\batch\jobParameters\AccountType.java
C:\MasterBuildLatest\saec\saec-batch-modules\saec-address-research\src\main\java\com\bfds\saec\batch\out\infoage\AddressResearchOutboundService.java
C:\MasterBuildLatest\saec\saec-batch-modules\saec-address-research\src\main\java\com\bfds\saec\batch\out\infoage\AddressSendJobParametersValidator.java
C:\MasterBuildLatest\saec\saec-batch-modules\saec-address-research\src\main\java\com\bfds\saec\addressresearch\batch\CorpAddressResearchStepLogger.java
C:\MasterBuildLatest\saec\saec-batch-modules\saec-address-research\src\main\java\com\bfds\saec\batch\in\infoage\AddressResearchNotification_Roo_JavaBean.aj
C:\MasterBuildLatest\saec\saec-batch-modules\saec-address-research\src\main\java\com\bfds\saec\batch\in\infoage\rule\type\MatchAnalysisType.java
C:\MasterBuildLatest\saec\saec-batch-modules\saec-address-research\src\main\java\com\bfds\saec\batch\in\infoage_corporate\CorporateItemWriter.java
C:\MasterBuildLatest\saec\saec-batch-modules\saec-address-research\src\main\java\com\bfds\saec\batch\out\infoage\AddressResearchClaimantSelectionCriteria.java
C:\MasterBuildLatest\saec\saec-batch-modules\saec-address-research\src\main\java\com\bfds\saec\batch\in\infoage_corporate\CorporateAddressResearch.java
C:\MasterBuildLatest\saec\saec-batch-modules\saec-address-research\src\main\java\com\bfds\saec\batch\out\infoage_corporate\CorporateItemProcessor_Roo_JavaBean.aj
C:\MasterBuildLatest\saec\saec-batch-modules\saec-address-research\src\main\java\com\bfds\saec\batch\in\infoage\rule\type\SSNInvalidOrDeceasedType.java
C:\MasterBuildLatest\saec\saec-batch-modules\saec-address-research\src\main\java\com\bfds\saec\batch\in\infoage\rule\type\PartialAddressType.java
C:\MasterBuildLatest\saec\saec-batch-modules\saec-address-research\src\main\java\com\bfds\saec\batch\jobParameters\ResearchType.java
C:\MasterBuildLatest\saec\saec-batch-modules\saec-address-research\src\main\java\com\bfds\saec\addressresearch\batch\AddressReasearchJobFailureLogger.java
C:\MasterBuildLatest\saec\saec-batch-modules\saec-address-research\src\main\java\com\bfds\saec\batch\out\infoage\InfoAgeOutboundService.java
C:\MasterBuildLatest\saec\saec-batch-modules\saec-address-research\src\main\java\com\bfds\saec\batch\out\infoage_corporate\CorpInfoAgeOutboundServiceImpl.java
C:\MasterBuildLatest\saec\saec-batch-modules\saec-address-research\src\main\java\com\bfds\saec\batch\out\infoage_individaul\IndividualItemProcessor.java
C:\MasterBuildLatest\saec\saec-batch-modules\saec-address-research\src\main\java\com\bfds\saec\batch\in\infoage\AddressResearchStatus.java
C:\MasterBuildLatest\saec\saec-batch-modules\saec-address-research\src\main\java\com\bfds\saec\batch\in\infoage\AddressResearchStatus_Roo_ToString.aj
C:\MasterBuildLatest\saec\saec-batch-modules\saec-address-research\src\main\java\com\bfds\saec\batch\in\infoage\AddressResearchStatus_Roo_JavaBean.aj
