-outxml
-source
1.6
-target
1.6
-classpath
C:\Users\dt83019\.m2\repository\antlr\antlr\2.7.7\antlr-2.7.7.jar;C:\Users\dt83019\.m2\repository\aopalliance\aopalliance\1.0\aopalliance-1.0.jar;C:\Users\dt83019\.m2\repository\c3p0\c3p0\0.9.1.2\c3p0-0.9.1.2.jar;C:\Users\dt83019\.m2\repository\cglib\cglib-nodep\2.1_3\cglib-nodep-2.1_3.jar;C:\Users\dt83019\.m2\repository\ch\qos\logback\logback-classic\1.0.6\logback-classic-1.0.6.jar;C:\Users\dt83019\.m2\repository\ch\qos\logback\logback-core\1.0.6\logback-core-1.0.6.jar;C:\MasterBuildLatest\saec\saec-awd-rip-api\target\saec-awd-rip-api-1.1.0.RC2-SNAPSHOT.jar;C:\Users\dt83019\.m2\repository\com\bfds\saec\saec-batch-common\1.1.0.RC1\saec-batch-common-1.1.0.RC1.jar;C:\Users\dt83019\.m2\repository\com\bfds\saec\saec-batch-file-db-io\1.1.0.RC1\saec-batch-file-db-io-1.1.0.RC1.jar;C:\Users\dt83019\.m2\repository\com\bfds\saec\saec-batch-framework\1.1.0.RC1\saec-batch-framework-1.1.0.RC1.jar;C:\MasterBuildLatest\saec\saec-dao\target\saec-dao-1.1.0.RC2-SNAPSHOT.jar;C:\MasterBuildLatest\saec\saec-domain-modules\saec-domain-common\target\saec-domain-common-1.1.0.RC2-SNAPSHOT.jar;C:\MasterBuildLatest\saec\saec-infrastructure\target\saec-infrastructure-1.1.0.RC2-SNAPSHOT.jar;C:\MasterBuildLatest\saec\saec-integration\target\saec-integration-1.1.0.RC2-SNAPSHOT.jar;C:\Users\dt83019\.m2\repository\com\bfds\saec\saec-scheduling-infrastructure\1.1.0.RC1\saec-scheduling-infrastructure-1.1.0.RC1.jar;C:\Users\dt83019\.m2\repository\com\bfds\saec\saec-util\1.1.0.RC1\saec-util-1.1.0.RC1.jar;C:\MasterBuildLatest\saec\saec-xml-schema\target\saec-xml-schema-1.1.0.RC2-SNAPSHOT.jar;C:\MasterBuildLatest\saec\saec-domain-modules\saec-domain\target\saec-domain-1.1.0.RC2-SNAPSHOT.jar;C:\Users\dt83019\.m2\repository\com\google\guava\guava\13.0.1\guava-13.0.1.jar;C:\Users\dt83019\.m2\repository\com\icegreen\greenmail\1.3.1b\greenmail-1.3.1b.jar;C:\Users\dt83019\.m2\repository\com\sun\faces\jsf-api\2.0.4-b09\jsf-api-2.0.4-b09.jar;C:\Users\dt83019\.m2\repository\com\sun\xml\bind\jaxb-impl\2.2.4\jaxb-impl-2.2.4.jar;C:\Users\dt83019\.m2\repository\com\thoughtworks\xstream\xstream\1.3\xstream-1.3.jar;C:\Users\dt83019\.m2\repository\commons-codec\commons-codec\1.6\commons-codec-1.6.jar;C:\Users\dt83019\.m2\repository\commons-collections\commons-collections\3.2\commons-collections-3.2.jar;C:\Users\dt83019\.m2\repository\commons-dbcp\commons-dbcp\1.4\commons-dbcp-1.4.jar;C:\Users\dt83019\.m2\repository\commons-io\commons-io\1.4\commons-io-1.4.jar;C:\Users\dt83019\.m2\repository\commons-lang\commons-lang\2.5\commons-lang-2.5.jar;C:\Users\dt83019\.m2\repository\commons-logging\commons-logging\99.0.1.EMPTY\commons-logging-99.0.1.EMPTY.jar;C:\Users\dt83019\.m2\repository\dom4j\dom4j\1.6.1\dom4j-1.6.1.jar;C:\Users\dt83019\.m2\repository\javax\activation\activation\1.1\activation-1.1.jar;C:\Users\dt83019\.m2\repository\javax\inject\javax.inject\1\javax.inject-1.jar;C:\Users\dt83019\.m2\repository\javax\mail\mail\1.4.4\mail-1.4.4.jar;C:\Users\dt83019\.m2\repository\javax\transaction\jta\1.1\jta-1.1.jar;C:\Users\dt83019\.m2\repository\javax\validation\validation-api\1.0.0.GA\validation-api-1.0.0.GA.jar;C:\Users\dt83019\.m2\repository\javax\xml\bind\jaxb-api\2.2.2\jaxb-api-2.2.2.jar;C:\Users\dt83019\.m2\repository\javax\xml\stream\stax-api\1.0-2\stax-api-1.0-2.jar;C:\Users\dt83019\.m2\repository\joda-time\joda-time\1.6.2\joda-time-1.6.2.jar;C:\Users\dt83019\.m2\repository\joda-time\joda-time-hibernate\1.2\joda-time-hibernate-1.2.jar;C:\Users\dt83019\.m2\repository\mysql\mysql-connector-java\5.1.13\mysql-connector-java-5.1.13.jar;C:\Users\dt83019\.m2\repository\net\sf\ehcache\ehcache-core\2.4.3\ehcache-core-2.4.3.jar;C:\Users\dt83019\.m2\repository\net\sf\flexjson\flexjson\2.1\flexjson-2.1.jar;C:\Users\dt83019\.m2\repository\net\sourceforge\jtds\jtds\1.2.7\jtds-1.2.7.jar;C:\Users\dt83019\.m2\repository\org\apache\commons\commons-lang3\3.1\commons-lang3-3.1.jar;C:\Users\dt83019\.m2\repository\org\apache\poi\poi\3.8\poi-3.8.jar;C:\Users\dt83019\.m2\repository\org\apache\velocity\velocity\1.7\velocity-1.7.jar;C:\Users\dt83019\.m2\repository\org\aspectj\aspectjrt\1.6.11.RELEASE\aspectjrt-1.6.11.RELEASE.jar;C:\Users\dt83019\.m2\repository\org\aspectj\aspectjweaver\1.6.11.RELEASE\aspectjweaver-1.6.11.RELEASE.jar;C:\Users\dt83019\.m2\repository\org\codehaus\jackson\jackson-core-asl\1.9.8\jackson-core-asl-1.9.8.jar;C:\Users\dt83019\.m2\repository\org\codehaus\jackson\jackson-jaxrs\1.9.8\jackson-jaxrs-1.9.8.jar;C:\Users\dt83019\.m2\repository\org\codehaus\jackson\jackson-mapper-asl\1.9.8\jackson-mapper-asl-1.9.8.jar;C:\Users\dt83019\.m2\repository\org\codehaus\jettison\jettison\1.1\jettison-1.1.jar;C:\Users\dt83019\.m2\repository\org\freemarker\freemarker\2.3.15\freemarker-2.3.15.jar;C:\Users\dt83019\.m2\repository\org\hibernate\hibernate-core\4.1.5.Final\hibernate-core-4.1.5.Final.jar;C:\Users\dt83019\.m2\repository\org\hibernate\hibernate-ehcache\4.1.5.Final\hibernate-ehcache-4.1.5.Final.jar;C:\Users\dt83019\.m2\repository\org\hibernate\hibernate-entitymanager\4.1.5.Final\hibernate-entitymanager-4.1.5.Final.jar;C:\Users\dt83019\.m2\repository\org\hibernate\hibernate-envers\4.1.5.Final\hibernate-envers-4.1.5.Final.jar;C:\Users\dt83019\.m2\repository\org\hibernate\hibernate-jmx\3.5.5-Final\hibernate-jmx-3.5.5-Final.jar;C:\Users\dt83019\.m2\repository\org\hibernate\hibernate-validator\4.1.0.Final\hibernate-validator-4.1.0.Final.jar;C:\Users\dt83019\.m2\repository\org\hibernate\common\hibernate-commons-annotations\4.0.1.Final\hibernate-commons-annotations-4.0.1.Final.jar;C:\Users\dt83019\.m2\repository\org\hibernate\javax\persistence\hibernate-jpa-2.0-api\1.0.0.Final\hibernate-jpa-2.0-api-1.0.0.Final.jar;C:\Users\dt83019\.m2\repository\org\hsqldb\hsqldb\2.2.8\hsqldb-2.2.8.jar;C:\Users\dt83019\.m2\repository\org\javassist\javassist\3.15.0-GA\javassist-3.15.0-GA.jar;C:\Users\dt83019\.m2\repository\org\jboss\logging\jboss-logging\3.1.0.GA\jboss-logging-3.1.0.GA.jar;C:\Users\dt83019\.m2\repository\org\jboss\spec\javax\transaction\jboss-transaction-api_1.1_spec\1.0.0.Final\jboss-transaction-api_1.1_spec-1.0.0.Final.jar;C:\Users\dt83019\.m2\repository\org\quartz-scheduler\quartz\2.1.0\quartz-2.1.0.jar;C:\Users\dt83019\.m2\repository\org\slf4j\jcl-over-slf4j\1.6.5\jcl-over-slf4j-1.6.5.jar;C:\Users\dt83019\.m2\repository\org\slf4j\slf4j-api\1.6.5\slf4j-api-1.6.5.jar;C:\Users\dt83019\.m2\repository\org\springframework\spring-aop\3.1.1.RELEASE\spring-aop-3.1.1.RELEASE.jar;C:\Users\dt83019\.m2\repository\org\springframework\spring-asm\3.1.1.RELEASE\spring-asm-3.1.1.RELEASE.jar;C:\Users\dt83019\.m2\repository\org\springframework\spring-aspects\3.1.1.RELEASE\spring-aspects-3.1.1.RELEASE.jar;C:\Users\dt83019\.m2\repository\org\springframework\spring-beans\3.1.1.RELEASE\spring-beans-3.1.1.RELEASE.jar;C:\Users\dt83019\.m2\repository\org\springframework\spring-context\3.1.1.RELEASE\spring-context-3.1.1.RELEASE.jar;C:\Users\dt83019\.m2\repository\org\springframework\spring-context-support\3.1.1.RELEASE\spring-context-support-3.1.1.RELEASE.jar;C:\Users\dt83019\.m2\repository\org\springframework\spring-core\3.1.1.RELEASE\spring-core-3.1.1.RELEASE.jar;C:\Users\dt83019\.m2\repository\org\springframework\spring-expression\3.1.1.RELEASE\spring-expression-3.1.1.RELEASE.jar;C:\Users\dt83019\.m2\repository\org\springframework\spring-jdbc\3.1.1.RELEASE\spring-jdbc-3.1.1.RELEASE.jar;C:\Users\dt83019\.m2\repository\org\springframework\spring-orm\3.1.1.RELEASE\spring-orm-3.1.1.RELEASE.jar;C:\Users\dt83019\.m2\repository\org\springframework\spring-oxm\3.1.1.RELEASE\spring-oxm-3.1.1.RELEASE.jar;C:\Users\dt83019\.m2\repository\org\springframework\spring-tx\3.1.1.RELEASE\spring-tx-3.1.1.RELEASE.jar;C:\Users\dt83019\.m2\repository\org\springframework\spring-web\3.1.1.RELEASE\spring-web-3.1.1.RELEASE.jar;C:\Users\dt83019\.m2\repository\org\springframework\spring-webmvc\3.1.1.RELEASE\spring-webmvc-3.1.1.RELEASE.jar;C:\Users\dt83019\.m2\repository\org\springframework\batch\spring-batch-core\2.1.8.RELEASE\spring-batch-core-2.1.8.RELEASE.jar;C:\Users\dt83019\.m2\repository\org\springframework\batch\spring-batch-infrastructure\2.1.8.RELEASE\spring-batch-infrastructure-2.1.8.RELEASE.jar;C:\Users\dt83019\.m2\repository\org\springframework\batch\spring-batch-test\2.1.8.RELEASE\spring-batch-test-2.1.8.RELEASE.jar;C:\Users\dt83019\.m2\repository\org\springframework\integration\spring-integration-core\2.1.0.RELEASE\spring-integration-core-2.1.0.RELEASE.jar;C:\Users\dt83019\.m2\repository\org\springframework\integration\spring-integration-file\2.1.0.RELEASE\spring-integration-file-2.1.0.RELEASE.jar;C:\Users\dt83019\.m2\repository\org\springframework\integration\spring-integration-jdbc\2.1.0.RELEASE\spring-integration-jdbc-2.1.0.RELEASE.jar;C:\Users\dt83019\.m2\repository\org\springframework\roo\org.springframework.roo.annotations\1.2.2.RELEASE\org.springframework.roo.annotations-1.2.2.RELEASE.jar;C:\Users\dt83019\.m2\repository\xpp3\xpp3_min\1.1.4c\xpp3_min-1.1.4c.jar;C:\MasterBuildLatest\saec\saec-batch-modules\saec-batch\target\classes
-aspectpath
C:\Users\dt83019\.m2\repository\org\springframework\spring-aspects\3.1.1.RELEASE\spring-aspects-3.1.1.RELEASE.jar
-d
C:\MasterBuildLatest\saec\saec-batch-modules\saec-batch\target\classes
C:\MasterBuildLatest\saec\saec-batch-modules\saec-batch\src\main\java\com\bfds\saec\batch\in\ss_bottom_line\BottomLineItemWriter.java
C:\MasterBuildLatest\saec\saec-batch-modules\saec-batch\src\main\java\com\bfds\saec\batch\out\db_stop_payment\DbStopPaymentService.java
C:\MasterBuildLatest\saec\saec-batch-modules\saec-batch\src\main\java\com\bfds\saec\batch\in\ss_cashed_check\CashedCheckItemNotificationDto.java
C:\MasterBuildLatest\saec\saec-batch-modules\saec-batch\src\main\java\com\bfds\saec\batch\stale_date\StaleDateQueryProvider.java
C:\MasterBuildLatest\saec\saec-batch-modules\saec-batch\src\main\java\com\bfds\saec\batch\out\dsto_check_file\DSTOCheckFileOutputBatchService.java
C:\MasterBuildLatest\saec\saec-batch-modules\saec-batch\src\main\java\com\bfds\saec\batch\out\db_stop_payment\DbStopPaymentItemProcessor.java
C:\MasterBuildLatest\saec\saec-batch-modules\saec-batch\src\main\java\com\bfds\saec\batch\in\db_stop_confirmation\StopConfirmationBatchServiceImpl.java
C:\MasterBuildLatest\saec\saec-batch-modules\saec-batch\src\main\java\com\bfds\saec\batch\uploaded_doc_ripper\AbstractUploadedDocServiceImpl.java
C:\MasterBuildLatest\saec\saec-batch-modules\saec-batch\src\main\java\com\bfds\saec\batch\uploaded_doc_ripper\UploadedDocService.java
C:\MasterBuildLatest\saec\saec-batch-modules\saec-batch\src\main\java\com\bfds\saec\batch\out\bank_issue_void\IssueVoidItemProcessor.java
C:\MasterBuildLatest\saec\saec-batch-modules\saec-batch\src\main\java\com\bfds\saec\batch\out\ifds_issue_void\IfdsIssueVoidItemProcessor.java
C:\MasterBuildLatest\saec\saec-batch-modules\saec-batch\src\main\java\com\bfds\saec\batch\out\dto\IssueVoidNotificationDto.java
C:\MasterBuildLatest\saec\saec-batch-modules\saec-batch\src\main\java\com\bfds\saec\batch\in\FileRecordItemWriterDecorator.java
C:\MasterBuildLatest\saec\saec-batch-modules\saec-batch\src\main\java\com\bfds\saec\batch\in\ss_bottom_line\BottomLineNotificationDto.java
C:\MasterBuildLatest\saec\saec-batch-modules\saec-batch\src\main\java\com\bfds\saec\batch\out\ss_bottom_line\BottomLineOutBoundBatchServiceImpl.java
C:\MasterBuildLatest\saec\saec-batch-modules\saec-batch\src\main\java\com\bfds\saec\batch\out\bank_issue_void\IssueVoidBatchService.java
C:\MasterBuildLatest\saec\saec-batch-modules\saec-batch\src\main\java\com\bfds\saec\batch\tax_domestic\activityCreate\OutboundDomesticTaxRecQueryProvider.java
C:\MasterBuildLatest\saec\saec-batch-modules\saec-batch\src\main\java\com\bfds\saec\batch\uploaded_doc_ripper\UploadedDocWriter.java
C:\MasterBuildLatest\saec\saec-batch-modules\saec-batch\src\main\java\com\bfds\saec\batch\out\ss_stop_payment\SSStopPaymentHeaderCallBack.java
C:\MasterBuildLatest\saec\saec-batch-modules\saec-batch\src\main\java\com\bfds\saec\batch\out\dsto_check_file\DSTOCheckFileQueryProvider.java
C:\MasterBuildLatest\saec\saec-batch-modules\saec-batch\src\main\java\com\bfds\saec\batch\uploaded_doc_ripper\hydroxycut\UploadedDocServiceImpl.java
C:\MasterBuildLatest\saec\saec-batch-modules\saec-batch\src\main\java\com\bfds\saec\batch\out\ifds_check_status\IfdscheckStatusQueryProvider.java
C:\MasterBuildLatest\saec\saec-batch-modules\saec-batch\src\main\java\com\bfds\saec\batch\out\ifds_check_status\IfdsCheckStatusNotifyService.java
C:\MasterBuildLatest\saec\saec-batch-modules\saec-batch\src\main\java\com\bfds\saec\batch\out\ifds_check_status\IfdsCheckStatusBatchService.java
C:\MasterBuildLatest\saec\saec-batch-modules\saec-batch\src\main\java\com\bfds\saec\batch\in\ss_cashed_check\SsCashedCheckBatchServiceImpl.java
C:\MasterBuildLatest\saec\saec-batch-modules\saec-batch\src\main\java\com\bfds\saec\batch\out\ss_stop_payment\SStopPaymentBatchServiceImpl.java
C:\MasterBuildLatest\saec\saec-batch-modules\saec-batch\src\main\java\com\bfds\saec\batch\util\RegistrationAndAddressLinesUtil.java
C:\MasterBuildLatest\saec\saec-batch-modules\saec-batch\src\main\java\com\bfds\saec\batch\in\ncoa\NcoaInboundBatchService.java
C:\MasterBuildLatest\saec\saec-batch-modules\saec-batch\src\main\java\com\bfds\saec\batch\out\StopPaymentQueryProvider.java
C:\MasterBuildLatest\saec\saec-batch-modules\saec-batch\src\main\java\com\bfds\saec\batch\followup_reminders\FollowupremindersQueryProvider.java
C:\MasterBuildLatest\saec\saec-batch-modules\saec-batch\src\main\java\com\bfds\saec\batch\out\db_stop_payment\DbStopPaymentServiceImpl.java
C:\MasterBuildLatest\saec\saec-batch-modules\saec-batch\src\main\java\com\bfds\saec\batch\out\dsto_check_file\DSTOCheckFileOutputBatchServiceImpl.java
C:\MasterBuildLatest\saec\saec-batch-modules\saec-batch\src\main\java\com\bfds\saec\batch\tax_domestic\activityCreate\OutboundDomesticTaxRecWritter.java
C:\MasterBuildLatest\saec\saec-batch-modules\saec-batch\src\main\java\com\bfds\saec\batch\util\TestClaimantItemWriter.java
C:\MasterBuildLatest\saec\saec-batch-modules\saec-batch\src\main\java\com\bfds\saec\batch\out\ss_issue_void\SSOutputBatchServiceImpl.java
C:\MasterBuildLatest\saec\saec-batch-modules\saec-batch\src\main\java\com\bfds\saec\batch\out\ss_bottom_line\BottomLineOutBoundItemProcessor.java
C:\MasterBuildLatest\saec\saec-batch-modules\saec-batch\src\main\java\com\bfds\saec\batch\out\ss_stop_payment\SSStopPaymentFooterCallBack.java
C:\MasterBuildLatest\saec\saec-batch-modules\saec-batch\src\main\java\com\bfds\saec\batch\out\ss_bottom_line\BottomLineOutBoundBatchService.java
C:\MasterBuildLatest\saec\saec-batch-modules\saec-batch\src\main\java\com\bfds\saec\batch\out\ncoa\NcoaOutQueryProvider.java
C:\MasterBuildLatest\saec\saec-batch-modules\saec-batch\src\main\java\com\bfds\saec\batch\out\dsto_print_file\DSTOPrintFileOutputBatchService.java
C:\MasterBuildLatest\saec\saec-batch-modules\saec-batch\src\main\java\com\bfds\saec\batch\in\foreign_tax_processing\ForeignTaxInboundWriter.java
C:\MasterBuildLatest\saec\saec-batch-modules\saec-batch\src\main\java\com\bfds\saec\batch\in\db_cashed_check\PaidCheckNotificationDto.java
C:\MasterBuildLatest\saec\saec-batch-modules\saec-batch\src\main\java\com\bfds\saec\batch\out\ifds_check_status\IfdsCheckStatusNotificationDto.java
C:\MasterBuildLatest\saec\saec-batch-modules\saec-batch\src\main\java\com\bfds\saec\batch\out\ifds_issue_void\IfdsOutputBatchService.java
C:\MasterBuildLatest\saec\saec-batch-modules\saec-batch\src\main\java\com\bfds\saec\batch\out\ss_bottom_line\BottomLineOutBoundQueryProvider.java
C:\MasterBuildLatest\saec\saec-batch-modules\saec-batch\src\main\java\com\bfds\saec\batch\uploaded_doc_ripper\UploadedDocQueryProvider.java
C:\MasterBuildLatest\saec\saec-batch-modules\saec-batch\src\main\java\com\bfds\saec\batch\out\foreign_tax_process\ForeignTaxProcessOutItemProcessor.java
C:\MasterBuildLatest\saec\saec-batch-modules\saec-batch\src\main\java\com\bfds\saec\batch\out\foreign_tax_process\ForeignTaxProcessOutServiceImpl.java
C:\MasterBuildLatest\saec\saec-batch-modules\saec-batch\src\main\java\com\bfds\saec\batch\out\ifds_check_status\IfdsCheckStatusBatchServiceImpl.java
C:\MasterBuildLatest\saec\saec-batch-modules\saec-batch\src\main\java\com\bfds\saec\batch\stale_date\StaleDateNotificationDto.java
C:\MasterBuildLatest\saec\saec-batch-modules\saec-batch\src\main\java\com\bfds\saec\batch\in\ncoa\NcoaInboundBatchServiceImpl.java
C:\MasterBuildLatest\saec\saec-batch-modules\saec-batch\src\main\java\com\bfds\saec\batch\out\dsto_check_file\DstoCheckFileNotificationDto.java
C:\MasterBuildLatest\saec\saec-batch-modules\saec-batch\src\main\java\com\bfds\saec\batch\in\db_cashed_check\DbCashedCheckBatchServiceImpl.java
C:\MasterBuildLatest\saec\saec-batch-modules\saec-batch\src\main\java\com\bfds\saec\batch\stale_date\StaleDateJpaPagingItemReader.java
C:\MasterBuildLatest\saec\saec-batch-modules\saec-batch\src\main\java\com\bfds\saec\batch\in\db_stop_confirmation\BatchRetryListener.java
C:\MasterBuildLatest\saec\saec-batch-modules\saec-batch\src\main\java\com\bfds\saec\batch\out\dsto_check_file\DSTOCheckFileHeaderCallback.java
C:\MasterBuildLatest\saec\saec-batch-modules\saec-batch\src\main\java\com\bfds\saec\batch\out\service\OutputBatchServiceImpl.java
C:\MasterBuildLatest\saec\saec-batch-modules\saec-batch\src\main\java\com\bfds\saec\batch\out\dsto_print_file\DSTOPrintFileHeaderCallback.java
C:\MasterBuildLatest\saec\saec-batch-modules\saec-batch\src\main\java\com\bfds\saec\batch\in\ss_cashed_check\CashedCheckItemWriter.java
C:\MasterBuildLatest\saec\saec-batch-modules\saec-batch\src\main\java\com\bfds\saec\batch\out\foreign_tax_process\ForeignTaxProcessOutService.java
C:\MasterBuildLatest\saec\saec-batch-modules\saec-batch\src\main\java\com\bfds\saec\batch\out\db_stop_payment\StopPaymentHeaderCallBack.java
C:\MasterBuildLatest\saec\saec-batch-modules\saec-batch\src\main\java\com\bfds\saec\batch\out\ifds_issue_void\IfdsIssueVoidNotificationDto.java
C:\MasterBuildLatest\saec\saec-batch-modules\saec-batch\src\main\java\com\bfds\saec\batch\in\db_stop_confirmation\StopConfirmationItemWriter.java
C:\MasterBuildLatest\saec\saec-batch-modules\saec-batch\src\main\java\com\bfds\saec\batch\out\ss_bottom_line\BottomLineOutBoundNotificationDto.java
C:\MasterBuildLatest\saec\saec-batch-modules\saec-batch\src\main\java\com\bfds\saec\batch\in\ncoa\NcoaInboundProcessor.java
C:\MasterBuildLatest\saec\saec-batch-modules\saec-batch\src\main\java\com\bfds\saec\batch\out\ifds_issue_void\IfdsFrontierVoidQueryProvider.java
C:\MasterBuildLatest\saec\saec-batch-modules\saec-batch\src\main\java\com\bfds\saec\batch\out\ncoa\NcoaOutBatchService.java
C:\MasterBuildLatest\saec\saec-batch-modules\saec-batch\src\main\java\com\bfds\saec\batch\out\bank_issue_void\IssueVoidBatchServiceImpl.java
C:\MasterBuildLatest\saec\saec-batch-modules\saec-batch\src\main\java\com\bfds\saec\batch\out\dsto_print_file\DSTOPrintFileItemProcessor.java
C:\MasterBuildLatest\saec\saec-batch-modules\saec-batch\src\main\java\com\bfds\saec\batch\in\db_cashed_check\DbcashedcheckStepExecutionListener.java
C:\MasterBuildLatest\saec\saec-batch-modules\saec-batch\src\main\java\com\bfds\saec\batch\out\dsto_print_file\DstoPrintFileNotificationDto.java
C:\MasterBuildLatest\saec\saec-batch-modules\saec-batch\src\main\java\com\bfds\saec\batch\in\db_stop_confirmation\StopConfirmationBatchService.java
C:\MasterBuildLatest\saec\saec-batch-modules\saec-batch\src\main\java\com\bfds\saec\batch\followup_reminders\FollowupremindersItemWriter.java
C:\MasterBuildLatest\saec\saec-batch-modules\saec-batch\src\main\java\com\bfds\saec\batch\out\dsto_print_file\DSTOPrintFileFooterCallback.java
C:\MasterBuildLatest\saec\saec-batch-modules\saec-batch\src\main\java\com\bfds\saec\batch\in\ss_cashed_check\SsCashedCheckBatchService.java
C:\MasterBuildLatest\saec\saec-batch-modules\saec-batch\src\main\java\com\bfds\saec\batch\out\ifds_issue_void\IfdsOutputBatchServiceImpl.java
C:\MasterBuildLatest\saec\saec-batch-modules\saec-batch\src\main\java\com\bfds\saec\batch\in\db_cashed_check\PaidCheckItemWriter.java
C:\MasterBuildLatest\saec\saec-batch-modules\saec-batch\src\main\java\com\bfds\saec\batch\out\bank_issue_void\IssueVoidQueryProvider.java
C:\MasterBuildLatest\saec\saec-batch-modules\saec-batch\src\main\java\com\bfds\saec\batch\out\dsto_check_file\DSTOCheckFileFooterCallback.java
C:\MasterBuildLatest\saec\saec-batch-modules\saec-batch\src\main\java\com\bfds\saec\batch\in\ss_bottom_line\BLInboundBatchServiceImpl.java
C:\MasterBuildLatest\saec\saec-batch-modules\saec-batch\src\main\java\com\bfds\saec\batch\out\ss_stop_payment\SStopPaymentBatchService.java
C:\MasterBuildLatest\saec\saec-batch-modules\saec-batch\src\main\java\com\bfds\saec\batch\out\bank_issue_void\ReissueApprovedChecksProcessor.java
C:\MasterBuildLatest\saec\saec-batch-modules\saec-batch\src\main\java\com\bfds\saec\batch\out\ncoa\NcoaOutItemProcessor.java
C:\MasterBuildLatest\saec\saec-batch-modules\saec-batch\src\main\java\com\bfds\saec\batch\out\dsto_check_file\DSTOCheckFileItemProcessor.java
C:\MasterBuildLatest\saec\saec-batch-modules\saec-batch\src\main\java\com\bfds\saec\batch\in\ss_cashed_check\SscashedcheckStepExecutionListener.java
C:\MasterBuildLatest\saec\saec-batch-modules\saec-batch\src\main\java\com\bfds\saec\batch\in\ss_bottom_line\BottomLineRecordSeperatorPolicy.java
C:\MasterBuildLatest\saec\saec-batch-modules\saec-batch\src\main\java\com\bfds\saec\batch\out\service\OutputBatchService.java
C:\MasterBuildLatest\saec\saec-batch-modules\saec-batch\src\main\java\com\bfds\saec\batch\out\ifds_check_status\IfdsCheckStatusNotifyServiceImpl.java
C:\MasterBuildLatest\saec\saec-batch-modules\saec-batch\src\main\java\com\bfds\saec\batch\out\db_stop_payment\StopPaymentFooterCallBack.java
C:\MasterBuildLatest\saec\saec-batch-modules\saec-batch\src\main\java\com\bfds\saec\batch\out\dsto_print_file\DSTOPrintFileOutputBatchServiceImpl.java
C:\MasterBuildLatest\saec\saec-batch-modules\saec-batch\src\main\java\com\bfds\saec\batch\stale_date\StaleDateItemWriter.java
C:\MasterBuildLatest\saec\saec-batch-modules\saec-batch\src\main\java\com\bfds\saec\batch\tax_domestic\activityCreate\TaxDomesticActivityCreateProcessor.java
C:\MasterBuildLatest\saec\saec-batch-modules\saec-batch\src\main\java\com\bfds\saec\batch\util\TestClaimantDto.java
C:\MasterBuildLatest\saec\saec-batch-modules\saec-batch\src\main\java\com\bfds\saec\batch\out\dsto_print_file\DSTOPrintFileQueryProvider.java
C:\MasterBuildLatest\saec\saec-batch-modules\saec-batch\src\main\java\com\bfds\saec\batch\in\db_cashed_check\DbCashedCheckBatchService.java
C:\MasterBuildLatest\saec\saec-batch-modules\saec-batch\src\main\java\com\bfds\saec\batch\util\TestClaimantItemReader.java
C:\MasterBuildLatest\saec\saec-batch-modules\saec-batch\src\main\java\com\bfds\saec\batch\out\ifds_check_status\IfdsCheckStatusItemProcessor.java
C:\MasterBuildLatest\saec\saec-batch-modules\saec-batch\src\main\java\com\bfds\saec\batch\out\ss_bottom_line\SsbottomlineChecksProcessor.java
C:\MasterBuildLatest\saec\saec-batch-modules\saec-batch\src\main\java\com\bfds\saec\batch\out\foreign_tax_process\ForeignTaxProcesOutQueryProvider.java
C:\MasterBuildLatest\saec\saec-batch-modules\saec-batch\src\main\java\com\bfds\saec\batch\in\tax_domestic\TaxDomesticInItemWriter.java
C:\MasterBuildLatest\saec\saec-batch-modules\saec-batch\src\main\java\com\bfds\saec\batch\out\ncoa\NcoaOutBatchServiceImpl.java
C:\MasterBuildLatest\saec\saec-batch-modules\saec-batch\src\main\java\com\bfds\saec\batch\in\ss_bottom_line\BLInboundBatchService.java
C:\MasterBuildLatest\saec\saec-batch-modules\saec-batch\src\main\java\com\bfds\saec\batch\out\dto\StopPaymentNotificationDto.java
C:\MasterBuildLatest\saec\saec-batch-modules\saec-batch\src\main\java\com\bfds\saec\batch\out\ss_stop_payment\SSStopPaymentItemProcessor.java
