-outxml
-source
1.6
-target
1.6
-classpath
C:\Users\dt83019\.m2\repository\antlr\antlr\2.7.7\antlr-2.7.7.jar;C:\Users\dt83019\.m2\repository\aopalliance\aopalliance\1.0\aopalliance-1.0.jar;C:\Users\dt83019\.m2\repository\cglib\cglib-nodep\2.1_3\cglib-nodep-2.1_3.jar;C:\Users\dt83019\.m2\repository\ch\qos\logback\logback-classic\1.0.6\logback-classic-1.0.6.jar;C:\Users\dt83019\.m2\repository\ch\qos\logback\logback-core\1.0.6\logback-core-1.0.6.jar;C:\MasterBuildLatest\saec\saec-awd-rip-api\target\saec-awd-rip-api-1.1.0.RC2-SNAPSHOT.jar;C:\MasterBuildLatest\saec\saec-infrastructure\target\saec-infrastructure-1.1.0.RC2-SNAPSHOT.jar;C:\MasterBuildLatest\saec\saec-integration\target\saec-integration-1.1.0.RC2-SNAPSHOT.jar;C:\Users\dt83019\.m2\repository\com\bfds\saec\saec-util\1.1.0.RC1\saec-util-1.1.0.RC1.jar;C:\Users\dt83019\.m2\repository\com\google\guava\guava\13.0.1\guava-13.0.1.jar;C:\Users\dt83019\.m2\repository\com\icegreen\greenmail\1.3.1b\greenmail-1.3.1b.jar;C:\Users\dt83019\.m2\repository\commons-codec\commons-codec\1.6\commons-codec-1.6.jar;C:\Users\dt83019\.m2\repository\commons-collections\commons-collections\3.2\commons-collections-3.2.jar;C:\Users\dt83019\.m2\repository\commons-dbcp\commons-dbcp\1.4\commons-dbcp-1.4.jar;C:\Users\dt83019\.m2\repository\commons-io\commons-io\1.4\commons-io-1.4.jar;C:\Users\dt83019\.m2\repository\commons-lang\commons-lang\2.4\commons-lang-2.4.jar;C:\Users\dt83019\.m2\repository\commons-logging\commons-logging\99.0.1.EMPTY\commons-logging-99.0.1.EMPTY.jar;C:\Users\dt83019\.m2\repository\dom4j\dom4j\1.6.1\dom4j-1.6.1.jar;C:\Users\dt83019\.m2\repository\javax\inject\javax.inject\1\javax.inject-1.jar;C:\Users\dt83019\.m2\repository\javax\mail\mail\1.4.4\mail-1.4.4.jar;C:\Users\dt83019\.m2\repository\javax\servlet\servlet-api\2.5\servlet-api-2.5.jar;C:\Users\dt83019\.m2\repository\javax\transaction\jta\1.1\jta-1.1.jar;C:\Users\dt83019\.m2\repository\javax\validation\validation-api\1.0.0.GA\validation-api-1.0.0.GA.jar;C:\Users\dt83019\.m2\repository\net\sf\ehcache\ehcache-core\2.4.3\ehcache-core-2.4.3.jar;C:\Users\dt83019\.m2\repository\net\sf\flexjson\flexjson\2.1\flexjson-2.1.jar;C:\Users\dt83019\.m2\repository\org\apache\commons\commons-lang3\3.1\commons-lang3-3.1.jar;C:\Users\dt83019\.m2\repository\org\apache\velocity\velocity\1.7\velocity-1.7.jar;C:\Users\dt83019\.m2\repository\org\aspectj\aspectjrt\1.6.11.RELEASE\aspectjrt-1.6.11.RELEASE.jar;C:\Users\dt83019\.m2\repository\org\aspectj\aspectjweaver\1.6.11.RELEASE\aspectjweaver-1.6.11.RELEASE.jar;C:\Users\dt83019\.m2\repository\org\hibernate\hibernate-core\4.1.5.Final\hibernate-core-4.1.5.Final.jar;C:\Users\dt83019\.m2\repository\org\hibernate\hibernate-ehcache\4.1.5.Final\hibernate-ehcache-4.1.5.Final.jar;C:\Users\dt83019\.m2\repository\org\hibernate\hibernate-entitymanager\4.1.5.Final\hibernate-entitymanager-4.1.5.Final.jar;C:\Users\dt83019\.m2\repository\org\hibernate\hibernate-envers\4.1.5.Final\hibernate-envers-4.1.5.Final.jar;C:\Users\dt83019\.m2\repository\org\hibernate\hibernate-validator\4.1.0.Final\hibernate-validator-4.1.0.Final.jar;C:\Users\dt83019\.m2\repository\org\hibernate\common\hibernate-commons-annotations\4.0.1.Final\hibernate-commons-annotations-4.0.1.Final.jar;C:\Users\dt83019\.m2\repository\org\hibernate\javax\persistence\hibernate-jpa-2.0-api\1.0.0.Final\hibernate-jpa-2.0-api-1.0.0.Final.jar;C:\Users\dt83019\.m2\repository\org\hsqldb\hsqldb\2.2.8\hsqldb-2.2.8.jar;C:\Users\dt83019\.m2\repository\org\javassist\javassist\3.15.0-GA\javassist-3.15.0-GA.jar;C:\Users\dt83019\.m2\repository\org\jboss\logging\jboss-logging\3.1.0.GA\jboss-logging-3.1.0.GA.jar;C:\Users\dt83019\.m2\repository\org\jboss\spec\javax\transaction\jboss-transaction-api_1.1_spec\1.0.0.Final\jboss-transaction-api_1.1_spec-1.0.0.Final.jar;C:\Users\dt83019\.m2\repository\org\slf4j\jcl-over-slf4j\1.6.5\jcl-over-slf4j-1.6.5.jar;C:\Users\dt83019\.m2\repository\org\slf4j\slf4j-api\1.6.5\slf4j-api-1.6.5.jar;C:\Users\dt83019\.m2\repository\org\springframework\spring-aop\3.1.1.RELEASE\spring-aop-3.1.1.RELEASE.jar;C:\Users\dt83019\.m2\repository\org\springframework\spring-asm\3.1.1.RELEASE\spring-asm-3.1.1.RELEASE.jar;C:\Users\dt83019\.m2\repository\org\springframework\spring-aspects\3.1.1.RELEASE\spring-aspects-3.1.1.RELEASE.jar;C:\Users\dt83019\.m2\repository\org\springframework\spring-beans\3.1.1.RELEASE\spring-beans-3.1.1.RELEASE.jar;C:\Users\dt83019\.m2\repository\org\springframework\spring-context\3.1.1.RELEASE\spring-context-3.1.1.RELEASE.jar;C:\Users\dt83019\.m2\repository\org\springframework\spring-context-support\3.1.1.RELEASE\spring-context-support-3.1.1.RELEASE.jar;C:\Users\dt83019\.m2\repository\org\springframework\spring-core\3.1.1.RELEASE\spring-core-3.1.1.RELEASE.jar;C:\Users\dt83019\.m2\repository\org\springframework\spring-expression\3.1.1.RELEASE\spring-expression-3.1.1.RELEASE.jar;C:\Users\dt83019\.m2\repository\org\springframework\spring-jdbc\3.1.1.RELEASE\spring-jdbc-3.1.1.RELEASE.jar;C:\Users\dt83019\.m2\repository\org\springframework\spring-orm\3.1.1.RELEASE\spring-orm-3.1.1.RELEASE.jar;C:\Users\dt83019\.m2\repository\org\springframework\spring-tx\3.1.1.RELEASE\spring-tx-3.1.1.RELEASE.jar;C:\Users\dt83019\.m2\repository\org\springframework\integration\spring-integration-core\2.1.0.RELEASE\spring-integration-core-2.1.0.RELEASE.jar;C:\Users\dt83019\.m2\repository\org\springframework\integration\spring-integration-file\2.1.0.RELEASE\spring-integration-file-2.1.0.RELEASE.jar;C:\Users\dt83019\.m2\repository\org\springframework\integration\spring-integration-jdbc\2.1.0.RELEASE\spring-integration-jdbc-2.1.0.RELEASE.jar;C:\Users\dt83019\.m2\repository\org\springframework\roo\org.springframework.roo.annotations\1.2.2.RELEASE\org.springframework.roo.annotations-1.2.2.RELEASE.jar;C:\MasterBuildLatest\saec\saec-domain-modules\saec-domain-common\target\classes
-aspectpath
C:\Users\dt83019\.m2\repository\org\springframework\spring-aspects\3.1.1.RELEASE\spring-aspects-3.1.1.RELEASE.jar
-d
C:\MasterBuildLatest\saec\saec-domain-modules\saec-domain-common\target\classes
C:\MasterBuildLatest\saec\saec-domain-modules\saec-domain-common\src\main\java\com\bfds\saec\domain\Name_Roo_JavaBean.aj
C:\MasterBuildLatest\saec\saec-domain-modules\saec-domain-common\src\main\java\com\bfds\saec\domain\CorrespondenceDocument.java
C:\MasterBuildLatest\saec\saec-domain-modules\saec-domain-common\src\main\java\com\bfds\saec\domain\activity\AddressResearchChangeActivity_Roo_JavaBean.aj
C:\MasterBuildLatest\saec\saec-domain-modules\saec-domain-common\src\main\java\com\bfds\saec\domain\Event_Roo_Jpa_ActiveRecord.aj
C:\MasterBuildLatest\saec\saec-domain-modules\saec-domain-common\src\main\java\com\bfds\saec\domain\WorkType.java
C:\MasterBuildLatest\saec\saec-domain-modules\saec-domain-common\src\main\java\com\bfds\saec\domain\WorkType_Roo_JavaBean.aj
C:\MasterBuildLatest\saec\saec-domain-modules\saec-domain-common\src\main\java\com\bfds\saec\domain\UserLoginAudit.java
C:\MasterBuildLatest\saec\saec-domain-modules\saec-domain-common\src\main\java\com\bfds\saec\domain\WorkType_Roo_Jpa_ActiveRecord.aj
C:\MasterBuildLatest\saec\saec-domain-modules\saec-domain-common\src\main\java\com\bfds\saec\domain\PaymentLetterCode_Roo_Finder.aj
C:\MasterBuildLatest\saec\saec-domain-modules\saec-domain-common\src\main\java\com\bfds\saec\domain\LetterCode.java
C:\MasterBuildLatest\saec\saec-domain-modules\saec-domain-common\src\main\java\com\bfds\saec\domain\ReportCode_Roo_Configurable.aj
C:\MasterBuildLatest\saec\saec-domain-modules\saec-domain-common\src\main\java\com\bfds\saec\domain\reference\Lov_Roo_Configurable.aj
C:\MasterBuildLatest\saec\saec-domain-modules\saec-domain-common\src\main\java\com\bfds\saec\domain\GroupMailCode_Roo_Jpa_Entity.aj
C:\MasterBuildLatest\saec\saec-domain-modules\saec-domain-common\src\main\java\com\bfds\saec\domain\reference\EventType.java
C:\MasterBuildLatest\saec\saec-domain-modules\saec-domain-common\src\main\java\com\bfds\saec\domain\GroupMailCode_Roo_Configurable.aj
C:\MasterBuildLatest\saec\saec-domain-modules\saec-domain-common\src\main\java\com\bfds\saec\domain\Role_Roo_Jpa_Entity.aj
C:\MasterBuildLatest\saec\saec-domain-modules\saec-domain-common\src\main\java\com\bfds\saec\domain\PaymentCalc_Roo_Configurable.aj
C:\MasterBuildLatest\saec\saec-domain-modules\saec-domain-common\src\main\java\com\bfds\saec\domain\HoldCode_Roo_Jpa_Entity.aj
C:\MasterBuildLatest\saec\saec-domain-modules\saec-domain-common\src\main\java\com\bfds\saec\domain\FileNotificationConfig_Roo_Jpa_Entity.aj
C:\MasterBuildLatest\saec\saec-domain-modules\saec-domain-common\src\main\java\com\bfds\saec\domain\GroupMailCode_Roo_ToString.aj
C:\MasterBuildLatest\saec\saec-domain-modules\saec-domain-common\src\main\java\com\bfds\saec\domain\reference\BankLov_Roo_Finder.aj
C:\MasterBuildLatest\saec\saec-domain-modules\saec-domain-common\src\main\java\com\bfds\saec\domain\reference\ChangeSource.java
C:\MasterBuildLatest\saec\saec-domain-modules\saec-domain-common\src\main\java\com\bfds\saec\domain\RequestType.java
C:\MasterBuildLatest\saec\saec-domain-modules\saec-domain-common\src\main\java\com\bfds\saec\domain\FileNotificationConfig_Roo_Jpa_ActiveRecord.aj
C:\MasterBuildLatest\saec\saec-domain-modules\saec-domain-common\src\main\java\com\bfds\saec\domain\User_Roo_ToString.aj
C:\MasterBuildLatest\saec\saec-domain-modules\saec-domain-common\src\main\java\com\bfds\saec\domain\User_Roo_Jpa_Entity.aj
C:\MasterBuildLatest\saec\saec-domain-modules\saec-domain-common\src\main\java\com\bfds\saec\domain\CorrespondenceDocument_Roo_Jpa_ActiveRecord.aj
C:\MasterBuildLatest\saec\saec-domain-modules\saec-domain-common\src\main\java\com\bfds\saec\domain\ZipCode_Roo_JavaBean.aj
C:\MasterBuildLatest\saec\saec-domain-modules\saec-domain-common\src\main\java\com\bfds\saec\domain\EventPaymentConfig_Roo_Configurable.aj
C:\MasterBuildLatest\saec\saec-domain-modules\saec-domain-common\src\main\java\com\bfds\saec\domain\Event.java
C:\MasterBuildLatest\saec\saec-domain-modules\saec-domain-common\src\main\java\com\bfds\saec\domain\ReportCode_Roo_Jpa_ActiveRecord.aj
C:\MasterBuildLatest\saec\saec-domain-modules\saec-domain-common\src\main\java\com\bfds\saec\domain\User_Roo_Configurable.aj
C:\MasterBuildLatest\saec\saec-domain-modules\saec-domain-common\src\main\java\com\bfds\saec\domain\TaxTypeLov.java
C:\MasterBuildLatest\saec\saec-domain-modules\saec-domain-common\src\main\java\com\bfds\saec\domain\PaymentLetterCode.java
C:\MasterBuildLatest\saec\saec-domain-modules\saec-domain-common\src\main\java\com\bfds\saec\domain\util\SAECDbNamingStrategy.java
C:\MasterBuildLatest\saec\saec-domain-modules\saec-domain-common\src\main\java\com\bfds\saec\domain\RequestType_Roo_Jpa_ActiveRecord.aj
C:\MasterBuildLatest\saec\saec-domain-modules\saec-domain-common\src\main\java\com\bfds\saec\domain\RequestType_Roo_JavaBean.aj
C:\MasterBuildLatest\saec\saec-domain-modules\saec-domain-common\src\main\java\com\bfds\saec\domain\PaymentComponentTypeLov.java
C:\MasterBuildLatest\saec\saec-domain-modules\saec-domain-common\src\main\java\com\bfds\saec\domain\ZipCode.java
C:\MasterBuildLatest\saec\saec-domain-modules\saec-domain-common\src\main\java\com\bfds\saec\domain\RequestType_Roo_Jpa_Entity.aj
C:\MasterBuildLatest\saec\saec-domain-modules\saec-domain-common\src\main\java\com\bfds\saec\domain\reference\Lov_Roo_ToString.aj
C:\MasterBuildLatest\saec\saec-domain-modules\saec-domain-common\src\main\java\com\bfds\saec\domain\HoldCode_Roo_Configurable.aj
C:\MasterBuildLatest\saec\saec-domain-modules\saec-domain-common\src\main\java\com\bfds\saec\domain\PaymentCalc_Roo_JavaBean.aj
C:\MasterBuildLatest\saec\saec-domain-modules\saec-domain-common\src\main\java\com\bfds\saec\domain\User.java
C:\MasterBuildLatest\saec\saec-domain-modules\saec-domain-common\src\main\java\com\bfds\saec\domain\ProcessError_Roo_Jpa_ActiveRecord.aj
C:\MasterBuildLatest\saec\saec-domain-modules\saec-domain-common\src\main\java\com\bfds\saec\domain\activity\AddressResearchChangeActivity.java
C:\MasterBuildLatest\saec\saec-domain-modules\saec-domain-common\src\main\java\com\bfds\saec\domain\PaymentLetterCode_Roo_JavaBean.aj
C:\MasterBuildLatest\saec\saec-domain-modules\saec-domain-common\src\main\java\com\bfds\saec\domain\reference\CountryLov_Roo_Jpa_ActiveRecord.aj
C:\MasterBuildLatest\saec\saec-domain-modules\saec-domain-common\src\main\java\com\bfds\saec\domain\ReportCode_Roo_ToString.aj
C:\MasterBuildLatest\saec\saec-domain-modules\saec-domain-common\src\main\java\com\bfds\saec\domain\reference\Lov_Roo_Jpa_Entity.aj
C:\MasterBuildLatest\saec\saec-domain-modules\saec-domain-common\src\main\java\com\bfds\saec\domain\GroupMailCode_Roo_Finder.aj
C:\MasterBuildLatest\saec\saec-domain-modules\saec-domain-common\src\main\java\com\bfds\saec\domain\reference\CountryLov_Roo_Configurable.aj
C:\MasterBuildLatest\saec\saec-domain-modules\saec-domain-common\src\main\java\com\bfds\saec\domain\IAddress.java
C:\MasterBuildLatest\saec\saec-domain-modules\saec-domain-common\src\main\java\com\bfds\saec\domain\ReportCode_Roo_Jpa_Entity.aj
C:\MasterBuildLatest\saec\saec-domain-modules\saec-domain-common\src\main\java\com\bfds\saec\domain\reference\BankLov.java
C:\MasterBuildLatest\saec\saec-domain-modules\saec-domain-common\src\main\java\com\bfds\saec\domain\LetterCode_Roo_Jpa_Entity.aj
C:\MasterBuildLatest\saec\saec-domain-modules\saec-domain-common\src\main\java\com\bfds\saec\domain\PaymentLetterCode_Roo_Jpa_Entity.aj
C:\MasterBuildLatest\saec\saec-domain-modules\saec-domain-common\src\main\java\com\bfds\saec\domain\RegistrationLines.java
C:\MasterBuildLatest\saec\saec-domain-modules\saec-domain-common\src\main\java\com\bfds\saec\domain\Bank_Roo_JavaBean.aj
C:\MasterBuildLatest\saec\saec-domain-modules\saec-domain-common\src\main\java\com\bfds\saec\domain\audit\RevisionListener.java
C:\MasterBuildLatest\saec\saec-domain-modules\saec-domain-common\src\main\java\com\bfds\saec\domain\LetterCode_Roo_Configurable.aj
C:\MasterBuildLatest\saec\saec-domain-modules\saec-domain-common\src\main\java\com\bfds\saec\domain\ReportCode.java
C:\MasterBuildLatest\saec\saec-domain-modules\saec-domain-common\src\main\java\com\bfds\saec\domain\reference\RpoEligibleOption.java
C:\MasterBuildLatest\saec\saec-domain-modules\saec-domain-common\src\main\java\com\bfds\saec\domain\audit\RevisionInfo.java
C:\MasterBuildLatest\saec\saec-domain-modules\saec-domain-common\src\main\java\com\bfds\saec\domain\reference\BatchFileLov_Roo_Configurable.aj
C:\MasterBuildLatest\saec\saec-domain-modules\saec-domain-common\src\main\java\com\bfds\saec\domain\PaymentComponentTypeLov_Roo_Jpa_Entity.aj
C:\MasterBuildLatest\saec\saec-domain-modules\saec-domain-common\src\main\java\com\bfds\saec\domain\reference\PaymentComponentType.java
C:\MasterBuildLatest\saec\saec-domain-modules\saec-domain-common\src\main\java\com\bfds\saec\domain\reference\MailType.java
C:\MasterBuildLatest\saec\saec-domain-modules\saec-domain-common\src\main\java\com\bfds\saec\domain\UserLoginAudit_Roo_Jpa_Entity.aj
C:\MasterBuildLatest\saec\saec-domain-modules\saec-domain-common\src\main\java\com\bfds\saec\domain\TaxTypeLov_Roo_Jpa_ActiveRecord.aj
C:\MasterBuildLatest\saec\saec-domain-modules\saec-domain-common\src\main\java\com\bfds\saec\domain\GroupMailCode_Roo_Jpa_ActiveRecord.aj
C:\MasterBuildLatest\saec\saec-domain-modules\saec-domain-common\src\main\java\com\bfds\saec\domain\Name_Roo_ToString.aj
C:\MasterBuildLatest\saec\saec-domain-modules\saec-domain-common\src\main\java\com\bfds\saec\domain\reference\BankLov_Roo_Jpa_Entity.aj
C:\MasterBuildLatest\saec\saec-domain-modules\saec-domain-common\src\main\java\com\bfds\saec\domain\EventPaymentConfig.java
C:\MasterBuildLatest\saec\saec-domain-modules\saec-domain-common\src\main\java\com\bfds\saec\domain\ReportCode_Roo_JavaBean.aj
C:\MasterBuildLatest\saec\saec-domain-modules\saec-domain-common\src\main\java\com\bfds\saec\domain\reference\AccountType.java
C:\MasterBuildLatest\saec\saec-domain-modules\saec-domain-common\src\main\java\com\bfds\saec\domain\WorkType_Roo_Jpa_Entity.aj
C:\MasterBuildLatest\saec\saec-domain-modules\saec-domain-common\src\main\java\com\bfds\saec\domain\CorrespondenceDocument_Roo_Configurable.aj
C:\MasterBuildLatest\saec\saec-domain-modules\saec-domain-common\src\main\java\com\bfds\saec\domain\PaymentCalc_Roo_ToString.aj
C:\MasterBuildLatest\saec\saec-domain-modules\saec-domain-common\src\main\java\com\bfds\saec\domain\reference\LetterType.java
C:\MasterBuildLatest\saec\saec-domain-modules\saec-domain-common\src\main\java\com\bfds\saec\domain\UserLoginAudit_Roo_JavaBean.aj
C:\MasterBuildLatest\saec\saec-domain-modules\saec-domain-common\src\main\java\com\bfds\saec\domain\EventPaymentConfig_Roo_JavaBean.aj
C:\MasterBuildLatest\saec\saec-domain-modules\saec-domain-common\src\main\java\com\bfds\saec\domain\GroupMailCode_Roo_JavaBean.aj
C:\MasterBuildLatest\saec\saec-domain-modules\saec-domain-common\src\main\java\com\bfds\saec\domain\reference\Lov_Roo_Jpa_ActiveRecord.aj
C:\MasterBuildLatest\saec\saec-domain-modules\saec-domain-common\src\main\java\com\bfds\saec\domain\FileNotificationConfig.java
C:\MasterBuildLatest\saec\saec-domain-modules\saec-domain-common\src\main\java\com\bfds\saec\domain\Bank.java
C:\MasterBuildLatest\saec\saec-domain-modules\saec-domain-common\src\main\java\com\bfds\saec\domain\reference\Lov_Roo_JavaBean.aj
C:\MasterBuildLatest\saec\saec-domain-modules\saec-domain-common\src\main\java\com\bfds\saec\domain\ProcessError.java
C:\MasterBuildLatest\saec\saec-domain-modules\saec-domain-common\src\main\java\com\bfds\saec\domain\CorrespondenceDocument_Roo_Jpa_Entity.aj
C:\MasterBuildLatest\saec\saec-domain-modules\saec-domain-common\src\main\java\com\bfds\saec\domain\User_Roo_Jpa_ActiveRecord.aj
C:\MasterBuildLatest\saec\saec-domain-modules\saec-domain-common\src\main\java\com\bfds\saec\domain\PaymentLetterCode_Roo_Configurable.aj
C:\MasterBuildLatest\saec\saec-domain-modules\saec-domain-common\src\main\java\com\bfds\saec\domain\FileNotificationConfig_Roo_Configurable.aj
C:\MasterBuildLatest\saec\saec-domain-modules\saec-domain-common\src\main\java\com\bfds\saec\domain\UserLoginAudit_Roo_Configurable.aj
C:\MasterBuildLatest\saec\saec-domain-modules\saec-domain-common\src\main\java\com\bfds\saec\domain\PaymentLetterCode_Roo_ToString.aj
C:\MasterBuildLatest\saec\saec-domain-modules\saec-domain-common\src\main\java\com\bfds\saec\domain\ProcessError_Roo_Configurable.aj
C:\MasterBuildLatest\saec\saec-domain-modules\saec-domain-common\src\main\java\com\bfds\saec\domain\RequestType_Roo_Configurable.aj
C:\MasterBuildLatest\saec\saec-domain-modules\saec-domain-common\src\main\java\com\bfds\saec\domain\reference\BatchFileLov_Roo_Jpa_Entity.aj
C:\MasterBuildLatest\saec\saec-domain-modules\saec-domain-common\src\main\java\com\bfds\saec\domain\PaymentComponentTypeLov_Roo_Jpa_ActiveRecord.aj
C:\MasterBuildLatest\saec\saec-domain-modules\saec-domain-common\src\main\java\com\bfds\saec\domain\TaxTypeLov_Roo_Jpa_Entity.aj
C:\MasterBuildLatest\saec\saec-domain-modules\saec-domain-common\src\main\java\com\bfds\saec\domain\reference\AddressType.java
C:\MasterBuildLatest\saec\saec-domain-modules\saec-domain-common\src\main\java\com\bfds\saec\domain\Event_Roo_JavaBean.aj
C:\MasterBuildLatest\saec\saec-domain-modules\saec-domain-common\src\main\java\com\bfds\saec\domain\SmallCheckConfig_Roo_JavaBean.aj
C:\MasterBuildLatest\saec\saec-domain-modules\saec-domain-common\src\main\java\com\bfds\saec\domain\User_Roo_JavaBean.aj
C:\MasterBuildLatest\saec\saec-domain-modules\saec-domain-common\src\main\java\com\bfds\saec\domain\reference\BankLov_Roo_Configurable.aj
C:\MasterBuildLatest\saec\saec-domain-modules\saec-domain-common\src\main\java\com\bfds\saec\domain\reference\ReportCategory.java
C:\MasterBuildLatest\saec\saec-domain-modules\saec-domain-common\src\main\java\com\bfds\saec\domain\EventPaymentConfig_Roo_Jpa_Entity.aj
C:\MasterBuildLatest\saec\saec-domain-modules\saec-domain-common\src\main\java\com\bfds\saec\domain\IRegistrationLines.java
C:\MasterBuildLatest\saec\saec-domain-modules\saec-domain-common\src\main\java\com\bfds\saec\domain\reference\BatchFileLov_Roo_Jpa_ActiveRecord.aj
C:\MasterBuildLatest\saec\saec-domain-modules\saec-domain-common\src\main\java\com\bfds\saec\domain\WorkType_Roo_Configurable.aj
C:\MasterBuildLatest\saec\saec-domain-modules\saec-domain-common\src\main\java\com\bfds\saec\domain\Role_Roo_Configurable.aj
C:\MasterBuildLatest\saec\saec-domain-modules\saec-domain-common\src\main\java\com\bfds\saec\domain\util\AccountContext.java
C:\MasterBuildLatest\saec\saec-domain-modules\saec-domain-common\src\main\java\com\bfds\saec\domain\LetterCode_Roo_JavaBean.aj
C:\MasterBuildLatest\saec\saec-domain-modules\saec-domain-common\src\main\java\com\bfds\saec\domain\reference\CountryLov_Roo_Jpa_Entity.aj
C:\MasterBuildLatest\saec\saec-domain-modules\saec-domain-common\src\main\java\com\bfds\saec\domain\UserLoginAudit_Roo_Jpa_ActiveRecord.aj
C:\MasterBuildLatest\saec\saec-domain-modules\saec-domain-common\src\main\java\com\bfds\saec\domain\RequestType_Roo_ToString.aj
C:\MasterBuildLatest\saec\saec-domain-modules\saec-domain-common\src\main\java\com\bfds\saec\domain\Event_Roo_ToString.aj
C:\MasterBuildLatest\saec\saec-domain-modules\saec-domain-common\src\main\java\com\bfds\saec\domain\PaymentCalc.java
C:\MasterBuildLatest\saec\saec-domain-modules\saec-domain-common\src\main\java\com\bfds\saec\domain\ProcessError_Roo_ToString.aj
C:\MasterBuildLatest\saec\saec-domain-modules\saec-domain-common\src\main\java\com\bfds\saec\domain\reference\PermissionType.java
C:\MasterBuildLatest\saec\saec-domain-modules\saec-domain-common\src\main\java\com\bfds\saec\domain\Event_Roo_Jpa_Entity.aj
C:\MasterBuildLatest\saec\saec-domain-modules\saec-domain-common\src\main\java\com\bfds\saec\domain\SmallCheckConfig_Roo_ToString.aj
C:\MasterBuildLatest\saec\saec-domain-modules\saec-domain-common\src\main\java\com\bfds\saec\domain\LetterCode_Roo_ToString.aj
C:\MasterBuildLatest\saec\saec-domain-modules\saec-domain-common\src\main\java\com\bfds\saec\domain\CorrespondenceDocument_Roo_ToString.aj
C:\MasterBuildLatest\saec\saec-domain-modules\saec-domain-common\src\main\java\com\bfds\saec\domain\reference\ProcessName.java
C:\MasterBuildLatest\saec\saec-domain-modules\saec-domain-common\src\main\java\com\bfds\saec\domain\Role_Roo_Finder.aj
C:\MasterBuildLatest\saec\saec-domain-modules\saec-domain-common\src\main\java\com\bfds\saec\domain\audit\EntityWithAuditVo.java
C:\MasterBuildLatest\saec\saec-domain-modules\saec-domain-common\src\main\java\com\bfds\saec\domain\Role_Roo_Jpa_ActiveRecord.aj
C:\MasterBuildLatest\saec\saec-domain-modules\saec-domain-common\src\main\java\com\bfds\saec\domain\HoldCode.java
C:\MasterBuildLatest\saec\saec-domain-modules\saec-domain-common\src\main\java\com\bfds\saec\domain\ProcessError_Roo_JavaBean.aj
C:\MasterBuildLatest\saec\saec-domain-modules\saec-domain-common\src\main\java\com\bfds\saec\domain\BaseIdentityEntity.java
C:\MasterBuildLatest\saec\saec-domain-modules\saec-domain-common\src\main\java\com\bfds\saec\domain\GroupMailCode.java
C:\MasterBuildLatest\saec\saec-domain-modules\saec-domain-common\src\main\java\com\bfds\saec\domain\reference\BatchFileLov.java
C:\MasterBuildLatest\saec\saec-domain-modules\saec-domain-common\src\main\java\com\bfds\saec\domain\PaymentLetterCode_Roo_Jpa_ActiveRecord.aj
C:\MasterBuildLatest\saec\saec-domain-modules\saec-domain-common\src\main\java\com\bfds\saec\domain\Name.java
C:\MasterBuildLatest\saec\saec-domain-modules\saec-domain-common\src\main\java\com\bfds\saec\domain\reference\CountryLov.java
C:\MasterBuildLatest\saec\saec-domain-modules\saec-domain-common\src\main\java\com\bfds\saec\domain\reference\BankLov_Roo_Jpa_ActiveRecord.aj
C:\MasterBuildLatest\saec\saec-domain-modules\saec-domain-common\src\main\java\com\bfds\saec\domain\TaxTypeLov_Roo_Configurable.aj
C:\MasterBuildLatest\saec\saec-domain-modules\saec-domain-common\src\main\java\com\bfds\saec\domain\reference\RoleType.java
C:\MasterBuildLatest\saec\saec-domain-modules\saec-domain-common\src\main\java\com\bfds\saec\domain\FileNotificationConfig_Roo_JavaBean.aj
C:\MasterBuildLatest\saec\saec-domain-modules\saec-domain-common\src\main\java\com\bfds\saec\domain\SmallCheckConfig.java
C:\MasterBuildLatest\saec\saec-domain-modules\saec-domain-common\src\main\java\com\bfds\saec\domain\PaymentComponentTypeLov_Roo_Configurable.aj
C:\MasterBuildLatest\saec\saec-domain-modules\saec-domain-common\src\main\java\com\bfds\saec\domain\CorrespondenceDocument_Roo_JavaBean.aj
C:\MasterBuildLatest\saec\saec-domain-modules\saec-domain-common\src\main\java\com\bfds\saec\domain\ProcessError_Roo_Jpa_Entity.aj
C:\MasterBuildLatest\saec\saec-domain-modules\saec-domain-common\src\main\java\com\bfds\saec\domain\EventPaymentConfig_Roo_Jpa_ActiveRecord.aj
C:\MasterBuildLatest\saec\saec-domain-modules\saec-domain-common\src\main\java\com\bfds\saec\domain\Address.java
C:\MasterBuildLatest\saec\saec-domain-modules\saec-domain-common\src\main\java\com\bfds\saec\domain\Role.java
C:\MasterBuildLatest\saec\saec-domain-modules\saec-domain-common\src\main\java\com\bfds\saec\domain\HoldCode_Roo_Jpa_ActiveRecord.aj
C:\MasterBuildLatest\saec\saec-domain-modules\saec-domain-common\src\main\java\com\bfds\saec\domain\LetterCode_Roo_Jpa_ActiveRecord.aj
C:\MasterBuildLatest\saec\saec-domain-modules\saec-domain-common\src\main\java\com\bfds\saec\domain\reference\Lov.java
