-outxml
-source
1.6
-target
1.6
-classpath
C:\Users\dt83019\.m2\repository\antlr\antlr\2.7.7\antlr-2.7.7.jar;C:\Users\dt83019\.m2\repository\aopalliance\aopalliance\1.0\aopalliance-1.0.jar;C:\Users\dt83019\.m2\repository\cglib\cglib-nodep\2.1_3\cglib-nodep-2.1_3.jar;C:\Users\dt83019\.m2\repository\ch\qos\logback\logback-classic\1.0.6\logback-classic-1.0.6.jar;C:\Users\dt83019\.m2\repository\ch\qos\logback\logback-core\1.0.6\logback-core-1.0.6.jar;C:\MasterBuildLatest\saec\saec-awd-rip-api\target\saec-awd-rip-api-1.1.0.RC2-SNAPSHOT.jar;C:\MasterBuildLatest\saec\saec-domain-modules\saec-domain-common\target\saec-domain-common-1.1.0.RC2-SNAPSHOT.jar;C:\MasterBuildLatest\saec\saec-infrastructure\target\saec-infrastructure-1.1.0.RC2-SNAPSHOT.jar;C:\MasterBuildLatest\saec\saec-integration\target\saec-integration-1.1.0.RC2-SNAPSHOT.jar;C:\Users\dt83019\.m2\repository\com\bfds\saec\saec-util\1.1.0.RC1\saec-util-1.1.0.RC1.jar;C:\MasterBuildLatest\saec\saec-domain-modules\saec-domain\target\saec-domain-1.1.0.RC2-SNAPSHOT.jar;C:\Users\dt83019\.m2\repository\com\google\guava\guava\13.0.1\guava-13.0.1.jar;C:\Users\dt83019\.m2\repository\com\icegreen\greenmail\1.3.1b\greenmail-1.3.1b.jar;C:\Users\dt83019\.m2\repository\com\sun\faces\jsf-api\2.0.4-b09\jsf-api-2.0.4-b09.jar;C:\Users\dt83019\.m2\repository\commons-collections\commons-collections\3.2\commons-collections-3.2.jar;C:\Users\dt83019\.m2\repository\commons-dbcp\commons-dbcp\1.4\commons-dbcp-1.4.jar;C:\Users\dt83019\.m2\repository\commons-io\commons-io\1.4\commons-io-1.4.jar;C:\Users\dt83019\.m2\repository\commons-lang\commons-lang\2.4\commons-lang-2.4.jar;C:\Users\dt83019\.m2\repository\commons-logging\commons-logging\99.0.1.EMPTY\commons-logging-99.0.1.EMPTY.jar;C:\Users\dt83019\.m2\repository\commons-pool\commons-pool\1.5.4\commons-pool-1.5.4.jar;C:\Users\dt83019\.m2\repository\dom4j\dom4j\1.6.1\dom4j-1.6.1.jar;C:\Users\dt83019\.m2\repository\javax\inject\javax.inject\1\javax.inject-1.jar;C:\Users\dt83019\.m2\repository\javax\mail\mail\1.4.4\mail-1.4.4.jar;C:\Users\dt83019\.m2\repository\javax\transaction\jta\1.1\jta-1.1.jar;C:\Users\dt83019\.m2\repository\javax\validation\validation-api\1.0.0.GA\validation-api-1.0.0.GA.jar;C:\Users\dt83019\.m2\repository\joda-time\joda-time\1.6.2\joda-time-1.6.2.jar;C:\Users\dt83019\.m2\repository\joda-time\joda-time-hibernate\1.2\joda-time-hibernate-1.2.jar;C:\Users\dt83019\.m2\repository\net\sf\ehcache\ehcache-core\2.4.3\ehcache-core-2.4.3.jar;C:\Users\dt83019\.m2\repository\net\sf\flexjson\flexjson\2.1\flexjson-2.1.jar;C:\Users\dt83019\.m2\repository\org\apache\commons\commons-lang3\3.1\commons-lang3-3.1.jar;C:\Users\dt83019\.m2\repository\org\apache\velocity\velocity\1.7\velocity-1.7.jar;C:\Users\dt83019\.m2\repository\org\aspectj\aspectjrt\1.6.11.RELEASE\aspectjrt-1.6.11.RELEASE.jar;C:\Users\dt83019\.m2\repository\org\aspectj\aspectjweaver\1.6.11.RELEASE\aspectjweaver-1.6.11.RELEASE.jar;C:\Users\dt83019\.m2\repository\org\hibernate\hibernate-core\4.1.5.Final\hibernate-core-4.1.5.Final.jar;C:\Users\dt83019\.m2\repository\org\hibernate\hibernate-ehcache\4.1.5.Final\hibernate-ehcache-4.1.5.Final.jar;C:\Users\dt83019\.m2\repository\org\hibernate\hibernate-entitymanager\4.1.5.Final\hibernate-entitymanager-4.1.5.Final.jar;C:\Users\dt83019\.m2\repository\org\hibernate\hibernate-envers\4.1.5.Final\hibernate-envers-4.1.5.Final.jar;C:\Users\dt83019\.m2\repository\org\hibernate\hibernate-jmx\3.5.5-Final\hibernate-jmx-3.5.5-Final.jar;C:\Users\dt83019\.m2\repository\org\hibernate\hibernate-validator\4.1.0.Final\hibernate-validator-4.1.0.Final.jar;C:\Users\dt83019\.m2\repository\org\hibernate\common\hibernate-commons-annotations\4.0.1.Final\hibernate-commons-annotations-4.0.1.Final.jar;C:\Users\dt83019\.m2\repository\org\hibernate\javax\persistence\hibernate-jpa-2.0-api\1.0.0.Final\hibernate-jpa-2.0-api-1.0.0.Final.jar;C:\Users\dt83019\.m2\repository\org\javassist\javassist\3.15.0-GA\javassist-3.15.0-GA.jar;C:\Users\dt83019\.m2\repository\org\jboss\logging\jboss-logging\3.1.0.GA\jboss-logging-3.1.0.GA.jar;C:\Users\dt83019\.m2\repository\org\jboss\spec\javax\transaction\jboss-transaction-api_1.1_spec\1.0.0.Final\jboss-transaction-api_1.1_spec-1.0.0.Final.jar;C:\Users\dt83019\.m2\repository\org\slf4j\jcl-over-slf4j\1.6.5\jcl-over-slf4j-1.6.5.jar;C:\Users\dt83019\.m2\repository\org\slf4j\slf4j-api\1.6.5\slf4j-api-1.6.5.jar;C:\Users\dt83019\.m2\repository\org\springframework\spring-aop\3.1.1.RELEASE\spring-aop-3.1.1.RELEASE.jar;C:\Users\dt83019\.m2\repository\org\springframework\spring-asm\3.1.1.RELEASE\spring-asm-3.1.1.RELEASE.jar;C:\Users\dt83019\.m2\repository\org\springframework\spring-aspects\3.1.1.RELEASE\spring-aspects-3.1.1.RELEASE.jar;C:\Users\dt83019\.m2\repository\org\springframework\spring-beans\3.1.1.RELEASE\spring-beans-3.1.1.RELEASE.jar;C:\Users\dt83019\.m2\repository\org\springframework\spring-context\3.1.1.RELEASE\spring-context-3.1.1.RELEASE.jar;C:\Users\dt83019\.m2\repository\org\springframework\spring-context-support\3.1.1.RELEASE\spring-context-support-3.1.1.RELEASE.jar;C:\Users\dt83019\.m2\repository\org\springframework\spring-core\3.1.1.RELEASE\spring-core-3.1.1.RELEASE.jar;C:\Users\dt83019\.m2\repository\org\springframework\spring-expression\3.1.1.RELEASE\spring-expression-3.1.1.RELEASE.jar;C:\Users\dt83019\.m2\repository\org\springframework\spring-jdbc\3.1.1.RELEASE\spring-jdbc-3.1.1.RELEASE.jar;C:\Users\dt83019\.m2\repository\org\springframework\spring-orm\3.1.1.RELEASE\spring-orm-3.1.1.RELEASE.jar;C:\Users\dt83019\.m2\repository\org\springframework\spring-tx\3.1.1.RELEASE\spring-tx-3.1.1.RELEASE.jar;C:\Users\dt83019\.m2\repository\org\springframework\integration\spring-integration-core\2.1.0.RELEASE\spring-integration-core-2.1.0.RELEASE.jar;C:\Users\dt83019\.m2\repository\org\springframework\integration\spring-integration-file\2.1.0.RELEASE\spring-integration-file-2.1.0.RELEASE.jar;C:\Users\dt83019\.m2\repository\org\springframework\integration\spring-integration-jdbc\2.1.0.RELEASE\spring-integration-jdbc-2.1.0.RELEASE.jar;C:\MasterBuildLatest\saec\saec-dao\target\classes
-aspectpath
C:\Users\dt83019\.m2\repository\org\springframework\spring-aspects\3.1.1.RELEASE\spring-aspects-3.1.1.RELEASE.jar
-d
C:\MasterBuildLatest\saec\saec-dao\target\classes
C:\MasterBuildLatest\saec\saec-dao\src\main\java\com\bfds\saec\dao\support\package-info.java
C:\MasterBuildLatest\saec\saec-dao\src\main\java\com\bfds\saec\dao\TranchDao.java
C:\MasterBuildLatest\saec\saec-dao\src\main\java\com\bfds\saec\dao\AssociateDao.java
C:\MasterBuildLatest\saec\saec-dao\src\main\java\com\bfds\saec\dao\util\JpaUtil.java
C:\MasterBuildLatest\saec\saec-dao\src\main\java\com\bfds\saec\dao\TranchDaoImpl.java
C:\MasterBuildLatest\saec\saec-dao\src\main\java\com\bfds\saec\dao\ClaimantDaoImpl.java
C:\MasterBuildLatest\saec\saec-dao\src\main\java\com\bfds\saec\dao\package-info.java
C:\MasterBuildLatest\saec\saec-dao\src\main\java\com\bfds\saec\tranch\service\TranchException.java
C:\MasterBuildLatest\saec\saec-dao\src\main\java\com\bfds\saec\dao\support\QueryParameters.java
C:\MasterBuildLatest\saec\saec-dao\src\main\java\com\bfds\saec\dao\PaymentDaoImpl.java
C:\MasterBuildLatest\saec\saec-dao\src\main\java\com\bfds\saec\dao\EntityAuditDaoImpl.java
C:\MasterBuildLatest\saec\saec-dao\src\main\java\com\bfds\saec\dao\PaymentDao.java
C:\MasterBuildLatest\saec\saec-dao\src\main\java\com\bfds\saec\dao\ProcessErrorDao.java
C:\MasterBuildLatest\saec\saec-dao\src\main\java\com\bfds\saec\dao\ClaimantDao.java
C:\MasterBuildLatest\saec\saec-dao\src\main\java\com\bfds\saec\dao\EntityAuditDao.java
C:\MasterBuildLatest\saec\saec-dao\src\main\java\com\bfds\saec\dao\ProcessErrorDaoImpl.java
C:\MasterBuildLatest\saec\saec-dao\src\main\java\com\bfds\saec\tranch\service\TranchService.java
C:\MasterBuildLatest\saec\saec-dao\src\main\java\com\bfds\saec\tranch\service\TranchServiceImpl.java
C:\MasterBuildLatest\saec\saec-dao\src\main\java\com\bfds\saec\dao\AssociateDaoImpl.java
