-outxml
-source
1.6
-target
1.6
-classpath
C:\Users\dt83019\.m2\repository\antlr\antlr\2.7.7\antlr-2.7.7.jar;C:\Users\dt83019\.m2\repository\aopalliance\aopalliance\1.0\aopalliance-1.0.jar;C:\Users\dt83019\.m2\repository\cglib\cglib-nodep\2.1_3\cglib-nodep-2.1_3.jar;C:\Users\dt83019\.m2\repository\ch\qos\logback\logback-classic\1.0.6\logback-classic-1.0.6.jar;C:\Users\dt83019\.m2\repository\ch\qos\logback\logback-core\1.0.6\logback-core-1.0.6.jar;C:\MasterBuildLatest\saec\saec-infrastructure\target\saec-infrastructure-1.1.0.RC2-SNAPSHOT.jar;C:\Users\dt83019\.m2\repository\com\bfds\saec\saec-util\1.1.0.RC1\saec-util-1.1.0.RC1.jar;C:\Users\dt83019\.m2\repository\com\google\guava\guava\13.0.1\guava-13.0.1.jar;C:\Users\dt83019\.m2\repository\com\icegreen\greenmail\1.3.1b\greenmail-1.3.1b.jar;C:\Users\dt83019\.m2\repository\commons-codec\commons-codec\1.6\commons-codec-1.6.jar;C:\Users\dt83019\.m2\repository\commons-collections\commons-collections\3.2\commons-collections-3.2.jar;C:\Users\dt83019\.m2\repository\commons-dbcp\commons-dbcp\1.4\commons-dbcp-1.4.jar;C:\Users\dt83019\.m2\repository\commons-lang\commons-lang\2.4\commons-lang-2.4.jar;C:\Users\dt83019\.m2\repository\commons-logging\commons-logging\99.0.1.EMPTY\commons-logging-99.0.1.EMPTY.jar;C:\Users\dt83019\.m2\repository\commons-pool\commons-pool\1.5.4\commons-pool-1.5.4.jar;C:\Users\dt83019\.m2\repository\dom4j\dom4j\1.6.1\dom4j-1.6.1.jar;C:\Users\dt83019\.m2\repository\javax\inject\javax.inject\1\javax.inject-1.jar;C:\Users\dt83019\.m2\repository\javax\mail\mail\1.4.4\mail-1.4.4.jar;C:\Users\dt83019\.m2\repository\javax\transaction\jta\1.1\jta-1.1.jar;C:\Users\dt83019\.m2\repository\javax\validation\validation-api\1.0.0.GA\validation-api-1.0.0.GA.jar;C:\Users\dt83019\.m2\repository\net\sf\ehcache\ehcache-core\2.4.3\ehcache-core-2.4.3.jar;C:\Users\dt83019\.m2\repository\org\apache\commons\commons-lang3\3.1\commons-lang3-3.1.jar;C:\Users\dt83019\.m2\repository\org\apache\velocity\velocity\1.7\velocity-1.7.jar;C:\Users\dt83019\.m2\repository\org\aspectj\aspectjrt\1.6.11.RELEASE\aspectjrt-1.6.11.RELEASE.jar;C:\Users\dt83019\.m2\repository\org\aspectj\aspectjweaver\1.6.11.RELEASE\aspectjweaver-1.6.11.RELEASE.jar;C:\Users\dt83019\.m2\repository\org\hibernate\hibernate-core\4.1.5.Final\hibernate-core-4.1.5.Final.jar;C:\Users\dt83019\.m2\repository\org\hibernate\hibernate-ehcache\4.1.5.Final\hibernate-ehcache-4.1.5.Final.jar;C:\Users\dt83019\.m2\repository\org\hibernate\hibernate-entitymanager\4.1.5.Final\hibernate-entitymanager-4.1.5.Final.jar;C:\Users\dt83019\.m2\repository\org\hibernate\hibernate-validator\4.1.0.Final\hibernate-validator-4.1.0.Final.jar;C:\Users\dt83019\.m2\repository\org\hibernate\common\hibernate-commons-annotations\4.0.1.Final\hibernate-commons-annotations-4.0.1.Final.jar;C:\Users\dt83019\.m2\repository\org\hibernate\javax\persistence\hibernate-jpa-2.0-api\1.0.0.Final\hibernate-jpa-2.0-api-1.0.0.Final.jar;C:\Users\dt83019\.m2\repository\org\hsqldb\hsqldb\2.2.8\hsqldb-2.2.8.jar;C:\Users\dt83019\.m2\repository\org\javassist\javassist\3.15.0-GA\javassist-3.15.0-GA.jar;C:\Users\dt83019\.m2\repository\org\jboss\logging\jboss-logging\3.1.0.GA\jboss-logging-3.1.0.GA.jar;C:\Users\dt83019\.m2\repository\org\jboss\spec\javax\transaction\jboss-transaction-api_1.1_spec\1.0.0.Final\jboss-transaction-api_1.1_spec-1.0.0.Final.jar;C:\Users\dt83019\.m2\repository\org\slf4j\jcl-over-slf4j\1.6.5\jcl-over-slf4j-1.6.5.jar;C:\Users\dt83019\.m2\repository\org\slf4j\slf4j-api\1.6.5\slf4j-api-1.6.5.jar;C:\Users\dt83019\.m2\repository\org\springframework\spring-aop\3.1.1.RELEASE\spring-aop-3.1.1.RELEASE.jar;C:\Users\dt83019\.m2\repository\org\springframework\spring-asm\3.1.1.RELEASE\spring-asm-3.1.1.RELEASE.jar;C:\Users\dt83019\.m2\repository\org\springframework\spring-aspects\3.1.1.RELEASE\spring-aspects-3.1.1.RELEASE.jar;C:\Users\dt83019\.m2\repository\org\springframework\spring-beans\3.1.1.RELEASE\spring-beans-3.1.1.RELEASE.jar;C:\Users\dt83019\.m2\repository\org\springframework\spring-context\3.1.1.RELEASE\spring-context-3.1.1.RELEASE.jar;C:\Users\dt83019\.m2\repository\org\springframework\spring-context-support\3.1.1.RELEASE\spring-context-support-3.1.1.RELEASE.jar;C:\Users\dt83019\.m2\repository\org\springframework\spring-core\3.1.1.RELEASE\spring-core-3.1.1.RELEASE.jar;C:\Users\dt83019\.m2\repository\org\springframework\spring-expression\3.1.1.RELEASE\spring-expression-3.1.1.RELEASE.jar;C:\Users\dt83019\.m2\repository\org\springframework\spring-jdbc\3.1.1.RELEASE\spring-jdbc-3.1.1.RELEASE.jar;C:\Users\dt83019\.m2\repository\org\springframework\spring-orm\3.1.1.RELEASE\spring-orm-3.1.1.RELEASE.jar;C:\Users\dt83019\.m2\repository\org\springframework\spring-tx\3.1.1.RELEASE\spring-tx-3.1.1.RELEASE.jar;C:\Users\dt83019\.m2\repository\org\springframework\integration\spring-integration-core\2.1.0.RELEASE\spring-integration-core-2.1.0.RELEASE.jar;C:\Users\dt83019\.m2\repository\org\springframework\integration\spring-integration-file\2.1.0.RELEASE\spring-integration-file-2.1.0.RELEASE.jar;C:\Users\dt83019\.m2\repository\org\springframework\roo\org.springframework.roo.annotations\1.2.2.RELEASE\org.springframework.roo.annotations-1.2.2.RELEASE.jar;C:\MasterBuildLatest\saec\saec-awd-rip-api\target\classes
-aspectpath
C:\Users\dt83019\.m2\repository\org\springframework\spring-aspects\3.1.1.RELEASE\spring-aspects-3.1.1.RELEASE.jar
-d
C:\MasterBuildLatest\saec\saec-awd-rip-api\target\classes
C:\MasterBuildLatest\saec\saec-awd-rip-api\src\main\java\com\bfds\saec\rip\domain\StopReplaceCheckRipObject_Roo_JavaBean.aj
C:\MasterBuildLatest\saec\saec-awd-rip-api\src\main\java\com\bfds\saec\rip\domain\AddressChangeRipObject_Roo_Jpa_Entity.aj
C:\MasterBuildLatest\saec\saec-awd-rip-api\src\main\java\com\bfds\saec\rip\domain\RipObject_Roo_JavaBean.aj
C:\MasterBuildLatest\saec\saec-awd-rip-api\src\main\java\com\bfds\saec\rip\dto\PhoneCallDto.java
C:\MasterBuildLatest\saec\saec-awd-rip-api\src\main\java\com\bfds\saec\rip\domain\RipObject_Roo_Finder.aj
C:\MasterBuildLatest\saec\saec-awd-rip-api\src\main\java\com\bfds\saec\rip\dto\PhoneCallDto_Roo_ToString.aj
C:\MasterBuildLatest\saec\saec-awd-rip-api\src\main\java\com\bfds\saec\rip\domain\SpecialhandlingRipObject_Roo_Jpa_Entity.aj
C:\MasterBuildLatest\saec\saec-awd-rip-api\src\main\java\com\bfds\saec\rip\domain\RipObject_Roo_Jpa_ActiveRecord.aj
C:\MasterBuildLatest\saec\saec-awd-rip-api\src\main\java\com\bfds\saec\rip\domain\SpecialhandlingRipObject.java
C:\MasterBuildLatest\saec\saec-awd-rip-api\src\main\java\com\bfds\saec\rip\domain\RipObject_Roo_Configurable.aj
C:\MasterBuildLatest\saec\saec-awd-rip-api\src\main\java\com\bfds\saec\rip\domain\AddressChangeRipObject.java
C:\MasterBuildLatest\saec\saec-awd-rip-api\src\main\java\com\bfds\saec\rip\domain\RipObject.java
C:\MasterBuildLatest\saec\saec-awd-rip-api\src\main\java\com\bfds\saec\rip\domain\CureLetterRipObject_Roo_Jpa_Entity.aj
C:\MasterBuildLatest\saec\saec-awd-rip-api\src\main\java\com\bfds\saec\rip\domain\StopReplaceCheckRipObject_Roo_ToString.aj
C:\MasterBuildLatest\saec\saec-awd-rip-api\src\main\java\com\bfds\saec\rip\domain\RipObject_Roo_ToString.aj
C:\MasterBuildLatest\saec\saec-awd-rip-api\src\main\java\com\bfds\saec\rip\domain\FollowupRemindersRipObject.java
C:\MasterBuildLatest\saec\saec-awd-rip-api\src\main\java\com\bfds\saec\rip\domain\SpecialhandlingRipObject_Roo_JavaBean.aj
C:\MasterBuildLatest\saec\saec-awd-rip-api\src\main\java\com\bfds\saec\rip\domain\ClaimFormSupportingDocRipObject_Roo_ToString.aj
C:\MasterBuildLatest\saec\saec-awd-rip-api\src\main\java\com\bfds\saec\rip\domain\CureLetterRipObject.java
C:\MasterBuildLatest\saec\saec-awd-rip-api\src\main\java\com\bfds\saec\rip\domain\FollowupRemindersRipObject_Roo_ToString.aj
C:\MasterBuildLatest\saec\saec-awd-rip-api\src\main\java\com\bfds\saec\rip\domain\ClaimFormSupportingDocRipObject_Roo_JavaBean.aj
C:\MasterBuildLatest\saec\saec-awd-rip-api\src\main\java\com\bfds\saec\rip\domain\FollowupRemindersRipObject_Roo_JavaBean.aj
C:\MasterBuildLatest\saec\saec-awd-rip-api\src\main\java\com\bfds\saec\rip\domain\SpecialhandlingRipObject_Roo_Configurable.aj
C:\MasterBuildLatest\saec\saec-awd-rip-api\src\main\java\com\bfds\saec\rip\domain\StopReplaceCheckRipObject_Roo_Jpa_ActiveRecord.aj
C:\MasterBuildLatest\saec\saec-awd-rip-api\src\main\java\com\bfds\saec\rip\domain\StopReplaceCheckRipObject_Roo_Configurable.aj
C:\MasterBuildLatest\saec\saec-awd-rip-api\src\main\java\com\bfds\saec\rip\domain\AddressChangeRipObject_Roo_JavaBean.aj
C:\MasterBuildLatest\saec\saec-awd-rip-api\src\main\java\com\bfds\saec\rip\service\RipOutboundAdapter.java
C:\MasterBuildLatest\saec\saec-awd-rip-api\src\main\java\com\bfds\saec\rip\domain\CureLetterRipObject_Roo_JavaBean.aj
C:\MasterBuildLatest\saec\saec-awd-rip-api\src\main\java\com\bfds\saec\rip\domain\SpecialhandlingRipObject_Roo_Jpa_ActiveRecord.aj
C:\MasterBuildLatest\saec\saec-awd-rip-api\src\main\java\com\bfds\saec\rip\domain\StopReplaceCheckRipObject_Roo_Jpa_Entity.aj
C:\MasterBuildLatest\saec\saec-awd-rip-api\src\main\java\com\bfds\saec\rip\domain\RipObjectStatus.java
C:\MasterBuildLatest\saec\saec-awd-rip-api\src\main\java\com\bfds\saec\rip\domain\CureLetterRipObject_Roo_ToString.aj
C:\MasterBuildLatest\saec\saec-awd-rip-api\src\main\java\com\bfds\saec\rip\domain\FollowupRemindersRipObject_Roo_Configurable.aj
C:\MasterBuildLatest\saec\saec-awd-rip-api\src\main\java\com\bfds\saec\rip\domain\RipObject_Roo_Jpa_Entity.aj
C:\MasterBuildLatest\saec\saec-awd-rip-api\src\main\java\com\bfds\saec\rip\domain\StopReplaceCheckRipObject.java
C:\MasterBuildLatest\saec\saec-awd-rip-api\src\main\java\com\bfds\saec\rip\domain\CureLetterRipObject_Roo_Jpa_ActiveRecord.aj
C:\MasterBuildLatest\saec\saec-awd-rip-api\src\main\java\com\bfds\saec\rip\domain\ClaimFormSupportingDocRipObject.java
C:\MasterBuildLatest\saec\saec-awd-rip-api\src\main\java\com\bfds\saec\rip\domain\AddressChangeRipObject_Roo_Jpa_ActiveRecord.aj
C:\MasterBuildLatest\saec\saec-awd-rip-api\src\main\java\com\bfds\saec\rip\domain\SpecialhandlingRipObject_Roo_ToString.aj
C:\MasterBuildLatest\saec\saec-awd-rip-api\src\main\java\com\bfds\saec\rip\service\RipEventListener.java
C:\MasterBuildLatest\saec\saec-awd-rip-api\src\main\java\com\bfds\saec\rip\domain\CureLetterRipObject_Roo_Configurable.aj
C:\MasterBuildLatest\saec\saec-awd-rip-api\src\main\java\com\bfds\saec\rip\dto\PhoneCallDto_Roo_JavaBean.aj
C:\MasterBuildLatest\saec\saec-awd-rip-api\src\main\java\com\bfds\saec\rip\domain\AddressChangeRipObject_Roo_Configurable.aj
C:\MasterBuildLatest\saec\saec-awd-rip-api\src\main\java\com\bfds\saec\rip\domain\AddressChangeRipObject_Roo_ToString.aj
