-outxml
-source
1.6
-target
1.6
-classpath
C:\Users\dt83019\.m2\repository\antlr\antlr\2.7.7\antlr-2.7.7.jar;C:\Users\dt83019\.m2\repository\aopalliance\aopalliance\1.0\aopalliance-1.0.jar;C:\Users\dt83019\.m2\repository\cglib\cglib-nodep\2.1_3\cglib-nodep-2.1_3.jar;C:\Users\dt83019\.m2\repository\ch\qos\logback\logback-classic\1.0.6\logback-classic-1.0.6.jar;C:\Users\dt83019\.m2\repository\ch\qos\logback\logback-core\1.0.6\logback-core-1.0.6.jar;C:\MasterBuildLatest\saec\saec-awd-rip-api\target\saec-awd-rip-api-1.1.0.RC2-SNAPSHOT.jar;C:\MasterBuildLatest\saec\saec-domain-modules\saec-domain-common\target\saec-domain-common-1.1.0.RC2-SNAPSHOT.jar;C:\MasterBuildLatest\saec\saec-infrastructure\target\saec-infrastructure-1.1.0.RC2-SNAPSHOT.jar;C:\MasterBuildLatest\saec\saec-integration\target\saec-integration-1.1.0.RC2-SNAPSHOT.jar;C:\Users\dt83019\.m2\repository\com\bfds\saec\saec-util\1.1.0.RC1\saec-util-1.1.0.RC1.jar;C:\Users\dt83019\.m2\repository\com\google\guava\guava\13.0.1\guava-13.0.1.jar;C:\Users\dt83019\.m2\repository\com\icegreen\greenmail\1.3.1b\greenmail-1.3.1b.jar;C:\Users\dt83019\.m2\repository\com\sun\faces\jsf-api\2.0.4-b09\jsf-api-2.0.4-b09.jar;C:\Users\dt83019\.m2\repository\commons-codec\commons-codec\1.6\commons-codec-1.6.jar;C:\Users\dt83019\.m2\repository\commons-collections\commons-collections\3.2\commons-collections-3.2.jar;C:\Users\dt83019\.m2\repository\commons-dbcp\commons-dbcp\1.4\commons-dbcp-1.4.jar;C:\Users\dt83019\.m2\repository\commons-io\commons-io\1.4\commons-io-1.4.jar;C:\Users\dt83019\.m2\repository\commons-lang\commons-lang\2.4\commons-lang-2.4.jar;C:\Users\dt83019\.m2\repository\commons-logging\commons-logging\99.0.1.EMPTY\commons-logging-99.0.1.EMPTY.jar;C:\Users\dt83019\.m2\repository\dom4j\dom4j\1.6.1\dom4j-1.6.1.jar;C:\Users\dt83019\.m2\repository\javax\inject\javax.inject\1\javax.inject-1.jar;C:\Users\dt83019\.m2\repository\javax\mail\mail\1.4.4\mail-1.4.4.jar;C:\Users\dt83019\.m2\repository\javax\servlet\servlet-api\2.5\servlet-api-2.5.jar;C:\Users\dt83019\.m2\repository\javax\transaction\jta\1.1\jta-1.1.jar;C:\Users\dt83019\.m2\repository\javax\validation\validation-api\1.0.0.GA\validation-api-1.0.0.GA.jar;C:\Users\dt83019\.m2\repository\net\sf\ehcache\ehcache-core\2.4.3\ehcache-core-2.4.3.jar;C:\Users\dt83019\.m2\repository\net\sf\flexjson\flexjson\2.1\flexjson-2.1.jar;C:\Users\dt83019\.m2\repository\org\apache\commons\commons-lang3\3.1\commons-lang3-3.1.jar;C:\Users\dt83019\.m2\repository\org\apache\velocity\velocity\1.7\velocity-1.7.jar;C:\Users\dt83019\.m2\repository\org\aspectj\aspectjrt\1.6.11.RELEASE\aspectjrt-1.6.11.RELEASE.jar;C:\Users\dt83019\.m2\repository\org\aspectj\aspectjweaver\1.6.11.RELEASE\aspectjweaver-1.6.11.RELEASE.jar;C:\Users\dt83019\.m2\repository\org\hibernate\hibernate-core\4.1.5.Final\hibernate-core-4.1.5.Final.jar;C:\Users\dt83019\.m2\repository\org\hibernate\hibernate-ehcache\4.1.5.Final\hibernate-ehcache-4.1.5.Final.jar;C:\Users\dt83019\.m2\repository\org\hibernate\hibernate-entitymanager\4.1.5.Final\hibernate-entitymanager-4.1.5.Final.jar;C:\Users\dt83019\.m2\repository\org\hibernate\hibernate-envers\4.1.5.Final\hibernate-envers-4.1.5.Final.jar;C:\Users\dt83019\.m2\repository\org\hibernate\hibernate-validator\4.1.0.Final\hibernate-validator-4.1.0.Final.jar;C:\Users\dt83019\.m2\repository\org\hibernate\common\hibernate-commons-annotations\4.0.1.Final\hibernate-commons-annotations-4.0.1.Final.jar;C:\Users\dt83019\.m2\repository\org\hibernate\javax\persistence\hibernate-jpa-2.0-api\1.0.0.Final\hibernate-jpa-2.0-api-1.0.0.Final.jar;C:\Users\dt83019\.m2\repository\org\hsqldb\hsqldb\2.2.8\hsqldb-2.2.8.jar;C:\Users\dt83019\.m2\repository\org\javassist\javassist\3.15.0-GA\javassist-3.15.0-GA.jar;C:\Users\dt83019\.m2\repository\org\jboss\logging\jboss-logging\3.1.0.GA\jboss-logging-3.1.0.GA.jar;C:\Users\dt83019\.m2\repository\org\jboss\spec\javax\transaction\jboss-transaction-api_1.1_spec\1.0.0.Final\jboss-transaction-api_1.1_spec-1.0.0.Final.jar;C:\Users\dt83019\.m2\repository\org\slf4j\jcl-over-slf4j\1.6.5\jcl-over-slf4j-1.6.5.jar;C:\Users\dt83019\.m2\repository\org\slf4j\slf4j-api\1.6.5\slf4j-api-1.6.5.jar;C:\Users\dt83019\.m2\repository\org\springframework\spring-aop\3.1.1.RELEASE\spring-aop-3.1.1.RELEASE.jar;C:\Users\dt83019\.m2\repository\org\springframework\spring-asm\3.1.1.RELEASE\spring-asm-3.1.1.RELEASE.jar;C:\Users\dt83019\.m2\repository\org\springframework\spring-aspects\3.1.1.RELEASE\spring-aspects-3.1.1.RELEASE.jar;C:\Users\dt83019\.m2\repository\org\springframework\spring-beans\3.1.1.RELEASE\spring-beans-3.1.1.RELEASE.jar;C:\Users\dt83019\.m2\repository\org\springframework\spring-context\3.1.1.RELEASE\spring-context-3.1.1.RELEASE.jar;C:\Users\dt83019\.m2\repository\org\springframework\spring-context-support\3.1.1.RELEASE\spring-context-support-3.1.1.RELEASE.jar;C:\Users\dt83019\.m2\repository\org\springframework\spring-core\3.1.1.RELEASE\spring-core-3.1.1.RELEASE.jar;C:\Users\dt83019\.m2\repository\org\springframework\spring-expression\3.1.1.RELEASE\spring-expression-3.1.1.RELEASE.jar;C:\Users\dt83019\.m2\repository\org\springframework\spring-jdbc\3.1.1.RELEASE\spring-jdbc-3.1.1.RELEASE.jar;C:\Users\dt83019\.m2\repository\org\springframework\spring-orm\3.1.1.RELEASE\spring-orm-3.1.1.RELEASE.jar;C:\Users\dt83019\.m2\repository\org\springframework\spring-tx\3.1.1.RELEASE\spring-tx-3.1.1.RELEASE.jar;C:\Users\dt83019\.m2\repository\org\springframework\integration\spring-integration-core\2.1.0.RELEASE\spring-integration-core-2.1.0.RELEASE.jar;C:\Users\dt83019\.m2\repository\org\springframework\integration\spring-integration-file\2.1.0.RELEASE\spring-integration-file-2.1.0.RELEASE.jar;C:\Users\dt83019\.m2\repository\org\springframework\integration\spring-integration-jdbc\2.1.0.RELEASE\spring-integration-jdbc-2.1.0.RELEASE.jar;C:\Users\dt83019\.m2\repository\org\springframework\roo\org.springframework.roo.annotations\1.2.2.RELEASE\org.springframework.roo.annotations-1.2.2.RELEASE.jar;C:\MasterBuildLatest\saec\saec-domain-modules\saec-domain\target\classes
-aspectpath
C:\Users\dt83019\.m2\repository\org\springframework\spring-aspects\3.1.1.RELEASE\spring-aspects-3.1.1.RELEASE.jar
-d
C:\MasterBuildLatest\saec\saec-domain-modules\saec-domain\target\classes
C:\MasterBuildLatest\saec\saec-domain-modules\saec-domain\src\main\java\com\bfds\saec\domain\MailObjectAddress_Roo_Configurable.aj
C:\MasterBuildLatest\saec\saec-domain-modules\saec-domain\src\main\java\com\bfds\wss\domain\reference\ClaimStatus.java
C:\MasterBuildLatest\saec\saec-domain-modules\saec-domain\src\main\java\com\bfds\wss\domain\ClaimantTransactions.java
C:\MasterBuildLatest\saec\saec-domain-modules\saec-domain\src\main\java\com\bfds\wss\domain\reference\AdditionalQuestions_Roo_Configurable.aj
C:\MasterBuildLatest\saec\saec-domain-modules\saec-domain\src\main\java\com\bfds\wss\domain\SecurityQuestion_Roo_JavaBean.aj
C:\MasterBuildLatest\saec\saec-domain-modules\saec-domain\src\main\java\com\bfds\saec\domain\AddressResearchReturn_Roo_Jpa_Entity.aj
C:\MasterBuildLatest\saec\saec-domain-modules\saec-domain\src\main\java\com\bfds\saec\claim\ClaimQuestionnaire_Roo_ToString.aj
C:\MasterBuildLatest\saec\saec-domain-modules\saec-domain\src\main\java\com\bfds\wss\domain\ClaimUserResponseGroup_Roo_Configurable.aj
C:\MasterBuildLatest\saec\saec-domain-modules\saec-domain\src\main\java\com\bfds\wss\domain\ClaimEntryUserResponseGroup_Roo_Jpa_Entity.aj
C:\MasterBuildLatest\saec\saec-domain-modules\saec-domain\src\main\java\com\bfds\saec\domain\Payment_Roo_JavaBean.aj
C:\MasterBuildLatest\saec\saec-domain-modules\saec-domain\src\main\java\com\bfds\saec\domain\Letter_Roo_ToString.aj
C:\MasterBuildLatest\saec\saec-domain-modules\saec-domain\src\main\java\com\bfds\saec\domain\Payment_Roo_Configurable.aj
C:\MasterBuildLatest\saec\saec-domain-modules\saec-domain\src\main\java\com\bfds\saec\domain\reference\CallReason_Roo_ToString.aj
C:\MasterBuildLatest\saec\saec-domain-modules\saec-domain\src\main\java\com\bfds\saec\domain\reference\PaymentCode.java
C:\MasterBuildLatest\saec\saec-domain-modules\saec-domain\src\main\java\com\bfds\wss\domain\ClaimUserResponseGroup_Roo_Jpa_Entity.aj
C:\MasterBuildLatest\saec\saec-domain-modules\saec-domain\src\main\java\com\bfds\saec\domain\activity\CheckActivity_Roo_Jpa_ActiveRecord.aj
C:\MasterBuildLatest\saec\saec-domain-modules\saec-domain\src\main\java\com\bfds\wss\domain\ClaimActivity.java
C:\MasterBuildLatest\saec\saec-domain-modules\saec-domain\src\main\java\com\bfds\saec\domain\ClaimantStatusRules.java
C:\MasterBuildLatest\saec\saec-domain-modules\saec-domain\src\main\java\com\bfds\saec\domain\Contact_Roo_Jpa_ActiveRecord.aj
C:\MasterBuildLatest\saec\saec-domain-modules\saec-domain\src\main\java\com\bfds\saec\domain\Tranch.java
C:\MasterBuildLatest\saec\saec-domain-modules\saec-domain\src\main\java\com\bfds\wss\domain\ClaimEntryTransactions_Roo_JavaBean.aj
C:\MasterBuildLatest\saec\saec-domain-modules\saec-domain\src\main\java\com\bfds\saec\domain\Tranch_Roo_Configurable.aj
C:\MasterBuildLatest\saec\saec-domain-modules\saec-domain\src\main\java\com\bfds\wss\domain\ClaimantPosition.java
C:\MasterBuildLatest\saec\saec-domain-modules\saec-domain\src\main\java\com\bfds\saec\domain\Tranch_Roo_JavaBean.aj
C:\MasterBuildLatest\saec\saec-domain-modules\saec-domain\src\main\java\com\bfds\saec\domain\reference\CallReason_Roo_JavaBean.aj
C:\MasterBuildLatest\saec\saec-domain-modules\saec-domain\src\main\java\com\bfds\saec\domain\activity\NameChange_Roo_JavaBean.aj
C:\MasterBuildLatest\saec\saec-domain-modules\saec-domain\src\main\java\com\bfds\wss\domain\SecurityUser_Roo_JavaBean.aj
C:\MasterBuildLatest\saec\saec-domain-modules\saec-domain\src\main\java\com\bfds\wss\domain\ClaimFileUploaded.java
C:\MasterBuildLatest\saec\saec-domain-modules\saec-domain\src\main\java\com\bfds\wss\domain\ClaimantDistribution_Roo_Configurable.aj
C:\MasterBuildLatest\saec\saec-domain-modules\saec-domain\src\main\java\com\bfds\saec\domain\dto\ClaimantTransactionCriteriaDto.java
C:\MasterBuildLatest\saec\saec-domain-modules\saec-domain\src\main\java\com\bfds\saec\domain\WireOriginationInfo_Roo_ToString.aj
C:\MasterBuildLatest\saec\saec-domain-modules\saec-domain\src\main\java\com\bfds\wss\domain\reference\SecurityFund_Roo_Jpa_Entity.aj
C:\MasterBuildLatest\saec\saec-domain-modules\saec-domain\src\main\java\com\bfds\wss\domain\reference\ProofType_Roo_JavaBean.aj
C:\MasterBuildLatest\saec\saec-domain-modules\saec-domain\src\main\java\com\bfds\wss\domain\ClaimEntryTransactions.java
C:\MasterBuildLatest\saec\saec-domain-modules\saec-domain\src\main\java\com\bfds\wss\domain\reference\ReminderType_Roo_JavaBean.aj
C:\MasterBuildLatest\saec\saec-domain-modules\saec-domain\src\main\java\com\bfds\saec\domain\activity\Activity.java
C:\MasterBuildLatest\saec\saec-domain-modules\saec-domain\src\main\java\com\bfds\saec\domain\WireInfo.java
C:\MasterBuildLatest\saec\saec-domain-modules\saec-domain\src\main\java\com\bfds\wss\domain\ClaimEntryUserResponseGroup_Roo_Jpa_ActiveRecord.aj
C:\MasterBuildLatest\saec\saec-domain-modules\saec-domain\src\main\java\com\bfds\saec\domain\reference\RequestType.java
C:\MasterBuildLatest\saec\saec-domain-modules\saec-domain\src\main\java\com\bfds\wss\domain\UserResponseGroup_Roo_Jpa_Entity.aj
C:\MasterBuildLatest\saec\saec-domain-modules\saec-domain\src\main\java\com\bfds\saec\domain\activity\AlternatePayeeActivity_Roo_JavaBean.aj
C:\MasterBuildLatest\saec\saec-domain-modules\saec-domain\src\main\java\com\bfds\wss\domain\ClaimProof_Roo_Jpa_Entity.aj
C:\MasterBuildLatest\saec\saec-domain-modules\saec-domain\src\main\java\com\bfds\saec\claim\ClaimAnswerGroup_Roo_ToString.aj
C:\MasterBuildLatest\saec\saec-domain-modules\saec-domain\src\main\java\com\bfds\saec\domain\reference\RPOType.java
C:\MasterBuildLatest\saec\saec-domain-modules\saec-domain\src\main\java\com\bfds\saec\domain\Claimant_Roo_Jpa_Entity.aj
C:\MasterBuildLatest\saec\saec-domain-modules\saec-domain\src\main\java\com\bfds\wss\domain\reference\AdditionalQuestionsResponses_Roo_Jpa_ActiveRecord.aj
C:\MasterBuildLatest\saec\saec-domain-modules\saec-domain\src\main\java\com\bfds\wss\domain\reference\SecurityFund_Roo_Configurable.aj
C:\MasterBuildLatest\saec\saec-domain-modules\saec-domain\src\main\java\com\bfds\saec\domain\reference\CallCode_Roo_Jpa_ActiveRecord.aj
C:\MasterBuildLatest\saec\saec-domain-modules\saec-domain\src\main\java\com\bfds\wss\domain\SecurityUser_Roo_Jpa_Entity.aj
C:\MasterBuildLatest\saec\saec-domain-modules\saec-domain\src\main\java\com\bfds\wss\domain\ClaimantDistribution_Roo_Jpa_Entity.aj
C:\MasterBuildLatest\saec\saec-domain-modules\saec-domain\src\main\java\com\bfds\wss\domain\ClaimEntryPosition_Roo_JavaBean.aj
C:\MasterBuildLatest\saec\saec-domain-modules\saec-domain\src\main\java\com\bfds\wss\domain\ClaimEntryPosition.java
C:\MasterBuildLatest\saec\saec-domain-modules\saec-domain\src\main\java\com\bfds\wss\domain\ClaimantReminder.java
C:\MasterBuildLatest\saec\saec-domain-modules\saec-domain\src\main\java\com\bfds\wss\domain\ClaimantDistribution.java
C:\MasterBuildLatest\saec\saec-domain-modules\saec-domain\src\main\java\com\bfds\wss\domain\ClaimantClaim_Roo_JavaBean.aj
C:\MasterBuildLatest\saec\saec-domain-modules\saec-domain\src\main\java\com\bfds\saec\domain\activity\AddressChange_Roo_Configurable.aj
C:\MasterBuildLatest\saec\saec-domain-modules\saec-domain\src\main\java\com\bfds\saec\domain\Claimant_Roo_Jpa_ActiveRecord.aj
C:\MasterBuildLatest\saec\saec-domain-modules\saec-domain\src\main\java\com\bfds\saec\domain\PaymentState_Roo_JavaBean.aj
C:\MasterBuildLatest\saec\saec-domain-modules\saec-domain\src\main\java\com\bfds\saec\domain\Claimant_Roo_Finder.aj
C:\MasterBuildLatest\saec\saec-domain-modules\saec-domain\src\main\java\com\bfds\wss\domain\ClaimantPosition_Roo_Jpa_ActiveRecord.aj
C:\MasterBuildLatest\saec\saec-domain-modules\saec-domain\src\main\java\com\bfds\saec\domain\dto\CheckSearchRecordDto.java
C:\MasterBuildLatest\saec\saec-domain-modules\saec-domain\src\main\java\com\bfds\saec\domain\ClaimantRegistration.java
C:\MasterBuildLatest\saec\saec-domain-modules\saec-domain\src\main\java\com\bfds\wss\domain\ClaimantClaim_Roo_Configurable.aj
C:\MasterBuildLatest\saec\saec-domain-modules\saec-domain\src\main\java\com\bfds\saec\domain\reference\CallReason_Roo_Configurable.aj
C:\MasterBuildLatest\saec\saec-domain-modules\saec-domain\src\main\java\com\bfds\wss\domain\ClaimEntryTransactions_Roo_Configurable.aj
C:\MasterBuildLatest\saec\saec-domain-modules\saec-domain\src\main\java\com\bfds\saec\domain\ClaimantCalculationAttributes_Roo_ToString.aj
C:\MasterBuildLatest\saec\saec-domain-modules\saec-domain\src\main\java\com\bfds\saec\domain\activity\TaxInfoChange_Roo_JavaBean.aj
C:\MasterBuildLatest\saec\saec-domain-modules\saec-domain\src\main\java\com\bfds\saec\domain\InfoForNewAddressResearch_Roo_JavaBean.aj
C:\MasterBuildLatest\saec\saec-domain-modules\saec-domain\src\main\java\com\bfds\saec\domain\Letter_Roo_Jpa_ActiveRecord.aj
C:\MasterBuildLatest\saec\saec-domain-modules\saec-domain\src\main\java\com\bfds\wss\domain\ClaimEntryReferenceNumber.java
C:\MasterBuildLatest\saec\saec-domain-modules\saec-domain\src\main\java\com\bfds\wss\domain\ClaimantReminder_Roo_Finder.aj
C:\MasterBuildLatest\saec\saec-domain-modules\saec-domain\src\main\java\com\bfds\saec\domain\PaymentState.java
C:\MasterBuildLatest\saec\saec-domain-modules\saec-domain\src\main\java\com\bfds\saec\domain\reference\CallCode_Roo_Configurable.aj
C:\MasterBuildLatest\saec\saec-domain-modules\saec-domain\src\main\java\com\bfds\wss\domain\ClaimEntryUserResponses_Roo_Configurable.aj
C:\MasterBuildLatest\saec\saec-domain-modules\saec-domain\src\main\java\com\bfds\wss\domain\SecurityQuestion_Roo_Configurable.aj
C:\MasterBuildLatest\saec\saec-domain-modules\saec-domain\src\main\java\com\bfds\wss\domain\reference\SecurityRef_Roo_Configurable.aj
C:\MasterBuildLatest\saec\saec-domain-modules\saec-domain\src\main\java\com\bfds\saec\domain\ClaimantCalculationAttributes_Roo_JavaBean.aj
C:\MasterBuildLatest\saec\saec-domain-modules\saec-domain\src\main\java\com\bfds\wss\domain\ClaimantClaimId_Roo_Jpa_ActiveRecord.aj
C:\MasterBuildLatest\saec\saec-domain-modules\saec-domain\src\main\java\com\bfds\saec\domain\MailObjectAddress_Roo_Jpa_Entity.aj
C:\MasterBuildLatest\saec\saec-domain-modules\saec-domain\src\main\java\com\bfds\saec\domain\Letter.java
C:\MasterBuildLatest\saec\saec-domain-modules\saec-domain\src\main\java\com\bfds\wss\domain\UserResponse_Roo_Jpa_Entity.aj
C:\MasterBuildLatest\saec\saec-domain-modules\saec-domain\src\main\java\com\bfds\wss\domain\ClaimActivity_Roo_Jpa_ActiveRecord.aj
C:\MasterBuildLatest\saec\saec-domain-modules\saec-domain\src\main\java\com\bfds\wss\domain\ClaimProof.java
C:\MasterBuildLatest\saec\saec-domain-modules\saec-domain\src\main\java\com\bfds\saec\domain\activity\Contact_Roo_ToString.aj
C:\MasterBuildLatest\saec\saec-domain-modules\saec-domain\src\main\java\com\bfds\wss\domain\reference\ClaimEntryMethod.java
C:\MasterBuildLatest\saec\saec-domain-modules\saec-domain\src\main\java\com\bfds\wss\domain\ClaimFileLob_Roo_Configurable.aj
C:\MasterBuildLatest\saec\saec-domain-modules\saec-domain\src\main\java\com\bfds\wss\domain\ClaimantClaim_Roo_Jpa_Entity.aj
C:\MasterBuildLatest\saec\saec-domain-modules\saec-domain\src\main\java\com\bfds\wss\domain\UserResponse_Roo_JavaBean.aj
C:\MasterBuildLatest\saec\saec-domain-modules\saec-domain\src\main\java\com\bfds\saec\domain\ClaimantAddress_Roo_Configurable.aj
C:\MasterBuildLatest\saec\saec-domain-modules\saec-domain\src\main\java\com\bfds\wss\domain\reference\AdditionalQuestions.java
C:\MasterBuildLatest\saec\saec-domain-modules\saec-domain\src\main\java\com\bfds\wss\domain\reference\ReminderStatus.java
C:\MasterBuildLatest\saec\saec-domain-modules\saec-domain\src\main\java\com\bfds\wss\domain\reference\SecurityFund_Roo_Jpa_ActiveRecord.aj
C:\MasterBuildLatest\saec\saec-domain-modules\saec-domain\src\main\java\com\bfds\saec\domain\AddressResearchReturn.java
C:\MasterBuildLatest\saec\saec-domain-modules\saec-domain\src\main\java\com\bfds\saec\claim\ClaimQuestionnaireBuilder_Roo_JavaBean.aj
C:\MasterBuildLatest\saec\saec-domain-modules\saec-domain\src\main\java\com\bfds\saec\domain\Contact.java
C:\MasterBuildLatest\saec\saec-domain-modules\saec-domain\src\main\java\com\bfds\wss\domain\reference\QuestionGroup_Roo_Jpa_Entity.aj
C:\MasterBuildLatest\saec\saec-domain-modules\saec-domain\src\main\java\com\bfds\wss\domain\ClaimEntry_Roo_Jpa_ActiveRecord.aj
C:\MasterBuildLatest\saec\saec-domain-modules\saec-domain\src\main\java\com\bfds\saec\domain\AddressResearchReturn_Roo_Jpa_ActiveRecord.aj
C:\MasterBuildLatest\saec\saec-domain-modules\saec-domain\src\main\java\com\bfds\saec\domain\AddressResearchReturn_Roo_Configurable.aj
C:\MasterBuildLatest\saec\saec-domain-modules\saec-domain\src\main\java\com\bfds\saec\domain\activity\ContactChange.java
C:\MasterBuildLatest\saec\saec-domain-modules\saec-domain\src\main\java\com\bfds\saec\claim\ClaimAnswer_Roo_JavaBean.aj
C:\MasterBuildLatest\saec\saec-domain-modules\saec-domain\src\main\java\com\bfds\wss\domain\reference\QuestionGroupDisplayCode.java
C:\MasterBuildLatest\saec\saec-domain-modules\saec-domain\src\main\java\com\bfds\saec\claim\ClaimEntryQuestionnaireBuilder.java
C:\MasterBuildLatest\saec\saec-domain-modules\saec-domain\src\main\java\com\bfds\saec\domain\activity\TaxInfoChange.java
C:\MasterBuildLatest\saec\saec-domain-modules\saec-domain\src\main\java\com\bfds\saec\domain\activity\Activity_Roo_JavaBean.aj
C:\MasterBuildLatest\saec\saec-domain-modules\saec-domain\src\main\java\com\bfds\wss\domain\reference\AdditionalQuestionsResponses.java
C:\MasterBuildLatest\saec\saec-domain-modules\saec-domain\src\main\java\com\bfds\saec\domain\Letter_Roo_Jpa_Entity.aj
C:\MasterBuildLatest\saec\saec-domain-modules\saec-domain\src\main\java\com\bfds\wss\domain\ClaimantReminder_Roo_Jpa_ActiveRecord.aj
C:\MasterBuildLatest\saec\saec-domain-modules\saec-domain\src\main\java\com\bfds\wss\domain\ClaimEntryUserResponses.java
C:\MasterBuildLatest\saec\saec-domain-modules\saec-domain\src\main\java\com\bfds\saec\domain\ClaimantReferenceNumber.java
C:\MasterBuildLatest\saec\saec-domain-modules\saec-domain\src\main\java\com\bfds\wss\domain\ClaimantTransactions_Roo_Jpa_Entity.aj
C:\MasterBuildLatest\saec\saec-domain-modules\saec-domain\src\main\java\com\bfds\wss\domain\reference\AdditionalQuestionsResponses_Roo_Configurable.aj
C:\MasterBuildLatest\saec\saec-domain-modules\saec-domain\src\main\java\com\bfds\saec\domain\Payment_Roo_Finder.aj
C:\MasterBuildLatest\saec\saec-domain-modules\saec-domain\src\main\java\com\bfds\saec\domain\util\PaymentStatusCodesUtil.java
C:\MasterBuildLatest\saec\saec-domain-modules\saec-domain\src\main\java\com\bfds\saec\domain\activity\AddressChange_Roo_JavaBean.aj
C:\MasterBuildLatest\saec\saec-domain-modules\saec-domain\src\main\java\com\bfds\wss\domain\reference\TransactionType.java
C:\MasterBuildLatest\saec\saec-domain-modules\saec-domain\src\main\java\com\bfds\saec\domain\IMail.java
C:\MasterBuildLatest\saec\saec-domain-modules\saec-domain\src\main\java\com\bfds\saec\domain\Tranch_Roo_Finder.aj
C:\MasterBuildLatest\saec\saec-domain-modules\saec-domain\src\main\java\com\bfds\wss\domain\ClaimantTransactions_Roo_JavaBean.aj
C:\MasterBuildLatest\saec\saec-domain-modules\saec-domain\src\main\java\com\bfds\saec\domain\dto\ClaimantSearchRecordDto.java
C:\MasterBuildLatest\saec\saec-domain-modules\saec-domain\src\main\java\com\bfds\wss\domain\ClaimantClaimId_Roo_Configurable.aj
C:\MasterBuildLatest\saec\saec-domain-modules\saec-domain\src\main\java\com\bfds\saec\domain\activity\Activity_Roo_ToString.aj
C:\MasterBuildLatest\saec\saec-domain-modules\saec-domain\src\main\java\com\bfds\wss\domain\reference\ResponseDisplayCode.java
C:\MasterBuildLatest\saec\saec-domain-modules\saec-domain\src\main\java\com\bfds\saec\domain\ClaimantCalculationAttributes_Roo_Jpa_ActiveRecord.aj
C:\MasterBuildLatest\saec\saec-domain-modules\saec-domain\src\main\java\com\bfds\saec\domain\activity\AlternatePayeeActivity_Roo_Jpa_ActiveRecord.aj
C:\MasterBuildLatest\saec\saec-domain-modules\saec-domain\src\main\java\com\bfds\saec\domain\reference\ReleaseRejectResponseCode.java
C:\MasterBuildLatest\saec\saec-domain-modules\saec-domain\src\main\java\com\bfds\wss\domain\reference\QuestionGroup_Roo_ToString.aj
C:\MasterBuildLatest\saec\saec-domain-modules\saec-domain\src\main\java\com\bfds\wss\domain\ClaimantDistribution_Roo_Jpa_ActiveRecord.aj
C:\MasterBuildLatest\saec\saec-domain-modules\saec-domain\src\main\java\com\bfds\saec\claim\ClaimQuestionnaireBuilder.java
C:\MasterBuildLatest\saec\saec-domain-modules\saec-domain\src\main\java\com\bfds\saec\domain\dto\StaleDateProcessNotificationDto_Roo_JavaBean.aj
C:\MasterBuildLatest\saec\saec-domain-modules\saec-domain\src\main\java\com\bfds\wss\domain\ClaimantTransactions_Roo_Jpa_ActiveRecord.aj
C:\MasterBuildLatest\saec\saec-domain-modules\saec-domain\src\main\java\com\bfds\saec\domain\ClaimantCalculationAttributes_Roo_Configurable.aj
C:\MasterBuildLatest\saec\saec-domain-modules\saec-domain\src\main\java\com\bfds\saec\domain\WireInfo_Roo_JavaBean.aj
C:\MasterBuildLatest\saec\saec-domain-modules\saec-domain\src\main\java\com\bfds\wss\domain\ClaimFileLob_Roo_JavaBean.aj
C:\MasterBuildLatest\saec\saec-domain-modules\saec-domain\src\main\java\com\bfds\wss\domain\reference\ReminderType_Roo_Jpa_ActiveRecord.aj
C:\MasterBuildLatest\saec\saec-domain-modules\saec-domain\src\main\java\com\bfds\saec\domain\ClaimantRegistration_Roo_JavaBean.aj
C:\MasterBuildLatest\saec\saec-domain-modules\saec-domain\src\main\java\com\bfds\wss\domain\reference\QuestionGroup_Roo_JavaBean.aj
C:\MasterBuildLatest\saec\saec-domain-modules\saec-domain\src\main\java\com\bfds\saec\claim\ClaimAnswer_Roo_ToString.aj
C:\MasterBuildLatest\saec\saec-domain-modules\saec-domain\src\main\java\com\bfds\wss\domain\ClaimantClaimId_Roo_JavaBean.aj
C:\MasterBuildLatest\saec\saec-domain-modules\saec-domain\src\main\java\com\bfds\saec\domain\reference\CallReason_Roo_Jpa_Entity.aj
C:\MasterBuildLatest\saec\saec-domain-modules\saec-domain\src\main\java\com\bfds\saec\domain\activity\ContactChange_Roo_JavaBean.aj
C:\MasterBuildLatest\saec\saec-domain-modules\saec-domain\src\main\java\com\bfds\saec\service\DataFieldMaxValueIncrementerService.java
C:\MasterBuildLatest\saec\saec-domain-modules\saec-domain\src\main\java\com\bfds\wss\domain\reference\SecurityNavRef_Roo_Configurable.aj
C:\MasterBuildLatest\saec\saec-domain-modules\saec-domain\src\main\java\com\bfds\saec\domain\activity\NameChange_Roo_Configurable.aj
C:\MasterBuildLatest\saec\saec-domain-modules\saec-domain\src\main\java\com\bfds\wss\domain\reference\SecurityRef_Roo_JavaBean.aj
C:\MasterBuildLatest\saec\saec-domain-modules\saec-domain\src\main\java\com\bfds\saec\domain\dto\StaleDateProcessNotificationDto.java
C:\MasterBuildLatest\saec\saec-domain-modules\saec-domain\src\main\java\com\bfds\wss\domain\UserResponse_Roo_Configurable.aj
C:\MasterBuildLatest\saec\saec-domain-modules\saec-domain\src\main\java\com\bfds\wss\domain\ClaimEntryUserResponses_Roo_Jpa_Entity.aj
C:\MasterBuildLatest\saec\saec-domain-modules\saec-domain\src\main\java\com\bfds\wss\domain\ClaimEntryTransactions_Roo_Jpa_ActiveRecord.aj
C:\MasterBuildLatest\saec\saec-domain-modules\saec-domain\src\main\java\com\bfds\saec\domain\ClaimantTaxInfo.java
C:\MasterBuildLatest\saec\saec-domain-modules\saec-domain\src\main\java\com\bfds\wss\domain\reference\AdditionalQuestions_Roo_ToString.aj
C:\MasterBuildLatest\saec\saec-domain-modules\saec-domain\src\main\java\com\bfds\wss\domain\ClaimEntryUserResponseGroup_Roo_ToString.aj
C:\MasterBuildLatest\saec\saec-domain-modules\saec-domain\src\main\java\com\bfds\wss\domain\reference\TransactionType_Roo_Jpa_ActiveRecord.aj
C:\MasterBuildLatest\saec\saec-domain-modules\saec-domain\src\main\java\com\bfds\saec\claim\ClaimQuestionnaireToClaimEntryUserResponseGroupMapper.java
C:\MasterBuildLatest\saec\saec-domain-modules\saec-domain\src\main\java\com\bfds\wss\domain\ClaimEntry.java
C:\MasterBuildLatest\saec\saec-domain-modules\saec-domain\src\main\java\com\bfds\saec\domain\ClaimantTaxInfo_Roo_ToString.aj
C:\MasterBuildLatest\saec\saec-domain-modules\saec-domain\src\main\java\com\bfds\saec\domain\reference\CallCode_Roo_JavaBean.aj
C:\MasterBuildLatest\saec\saec-domain-modules\saec-domain\src\main\java\com\bfds\wss\domain\reference\QuestionGroup_Roo_Configurable.aj
C:\MasterBuildLatest\saec\saec-domain-modules\saec-domain\src\main\java\com\bfds\wss\domain\ClaimFileUploaded_Roo_Jpa_ActiveRecord.aj
C:\MasterBuildLatest\saec\saec-domain-modules\saec-domain\src\main\java\com\bfds\wss\domain\ClaimantClaim.java
C:\MasterBuildLatest\saec\saec-domain-modules\saec-domain\src\main\java\com\bfds\wss\domain\ClaimantClaim_Roo_Jpa_ActiveRecord.aj
C:\MasterBuildLatest\saec\saec-domain-modules\saec-domain\src\main\java\com\bfds\saec\domain\AddressResearchReturn_Roo_JavaBean.aj
C:\MasterBuildLatest\saec\saec-domain-modules\saec-domain\src\main\java\com\bfds\saec\domain\reference\LetterStatus.java
C:\MasterBuildLatest\saec\saec-domain-modules\saec-domain\src\main\java\com\bfds\saec\domain\activity\AddressChange_Roo_Jpa_ActiveRecord.aj
C:\MasterBuildLatest\saec\saec-domain-modules\saec-domain\src\main\java\com\bfds\wss\domain\ClaimEntryUserResponses_Roo_ToString.aj
C:\MasterBuildLatest\saec\saec-domain-modules\saec-domain\src\main\java\com\bfds\wss\domain\ClaimFileLob.java
C:\MasterBuildLatest\saec\saec-domain-modules\saec-domain\src\main\java\com\bfds\wss\domain\ClaimEntry_Roo_Jpa_Entity.aj
C:\MasterBuildLatest\saec\saec-domain-modules\saec-domain\src\main\java\com\bfds\saec\domain\activity\CheckActivity.java
C:\MasterBuildLatest\saec\saec-domain-modules\saec-domain\src\main\java\com\bfds\wss\domain\ClaimUserResponseGroup_Roo_JavaBean.aj
C:\MasterBuildLatest\saec\saec-domain-modules\saec-domain\src\main\java\com\bfds\wss\domain\reference\ProofType_Roo_Jpa_Entity.aj
C:\MasterBuildLatest\saec\saec-domain-modules\saec-domain\src\main\java\com\bfds\wss\domain\reference\ClaimActivityType.java
C:\MasterBuildLatest\saec\saec-domain-modules\saec-domain\src\main\java\com\bfds\saec\domain\ClaimantRegistration_Roo_Jpa_Entity.aj
C:\MasterBuildLatest\saec\saec-domain-modules\saec-domain\src\main\java\com\bfds\saec\domain\dto\ClaimantSearchCriteriaDto.java
C:\MasterBuildLatest\saec\saec-domain-modules\saec-domain\src\main\java\com\bfds\saec\domain\util\PaymentCodeUtil.java
C:\MasterBuildLatest\saec\saec-domain-modules\saec-domain\src\main\java\com\bfds\saec\domain\Letter_Roo_Configurable.aj
C:\MasterBuildLatest\saec\saec-domain-modules\saec-domain\src\main\java\com\bfds\wss\domain\ClaimantUserResponses_Roo_Jpa_ActiveRecord.aj
C:\MasterBuildLatest\saec\saec-domain-modules\saec-domain\src\main\java\com\bfds\wss\domain\reference\SecurityRef_Roo_Jpa_ActiveRecord.aj
C:\MasterBuildLatest\saec\saec-domain-modules\saec-domain\src\main\java\com\bfds\saec\domain\reference\CallCode.java
C:\MasterBuildLatest\saec\saec-domain-modules\saec-domain\src\main\java\com\bfds\wss\domain\reference\AdditionalQuestions_Roo_Jpa_ActiveRecord.aj
C:\MasterBuildLatest\saec\saec-domain-modules\saec-domain\src\main\java\com\bfds\saec\domain\ClaimantCalculationAttributes_Roo_Jpa_Entity.aj
C:\MasterBuildLatest\saec\saec-domain-modules\saec-domain\src\main\java\com\bfds\wss\domain\ClaimEntryPosition_Roo_Configurable.aj
C:\MasterBuildLatest\saec\saec-domain-modules\saec-domain\src\main\java\com\bfds\saec\claim\ClaimQuestionnaire.java
C:\MasterBuildLatest\saec\saec-domain-modules\saec-domain\src\main\java\com\bfds\saec\domain\ClaimantRegistration_Roo_Configurable.aj
C:\MasterBuildLatest\saec\saec-domain-modules\saec-domain\src\main\java\com\bfds\saec\domain\dto\StaleDateProcessNotificationDto_Roo_ToString.aj
C:\MasterBuildLatest\saec\saec-domain-modules\saec-domain\src\main\java\com\bfds\wss\domain\ClaimProof_Roo_JavaBean.aj
C:\MasterBuildLatest\saec\saec-domain-modules\saec-domain\src\main\java\com\bfds\wss\domain\UserResponseGroup_Roo_JavaBean.aj
C:\MasterBuildLatest\saec\saec-domain-modules\saec-domain\src\main\java\com\bfds\wss\domain\reference\ReminderType.java
C:\MasterBuildLatest\saec\saec-domain-modules\saec-domain\src\main\java\com\bfds\saec\domain\activity\AlternatePayeeActivity.java
C:\MasterBuildLatest\saec\saec-domain-modules\saec-domain\src\main\java\com\bfds\saec\domain\reference\PaymentStopReason.java
C:\MasterBuildLatest\saec\saec-domain-modules\saec-domain\src\main\java\com\bfds\saec\domain\activity\CheckActivity_Roo_Jpa_Entity.aj
C:\MasterBuildLatest\saec\saec-domain-modules\saec-domain\src\main\java\com\bfds\wss\domain\reference\QuestionGroup.java
C:\MasterBuildLatest\saec\saec-domain-modules\saec-domain\src\main\java\com\bfds\wss\domain\ClaimantUserResponses_Roo_JavaBean.aj
C:\MasterBuildLatest\saec\saec-domain-modules\saec-domain\src\main\java\com\bfds\saec\domain\activity\PhoneCall_Roo_Jpa_ActiveRecord.aj
C:\MasterBuildLatest\saec\saec-domain-modules\saec-domain\src\main\java\com\bfds\saec\domain\dto\CheckReleaseSearchCriteriaDto_Roo_JavaBean.aj
C:\MasterBuildLatest\saec\saec-domain-modules\saec-domain\src\main\java\com\bfds\saec\domain\WireOriginationInfo_Roo_JavaBean.aj
C:\MasterBuildLatest\saec\saec-domain-modules\saec-domain\src\main\java\com\bfds\saec\domain\Letter_Roo_Finder.aj
C:\MasterBuildLatest\saec\saec-domain-modules\saec-domain\src\main\java\com\bfds\saec\domain\ClaimantAddress_Roo_Jpa_Entity.aj
C:\MasterBuildLatest\saec\saec-domain-modules\saec-domain\src\main\java\com\bfds\saec\domain\ClaimantTaxInfo_Roo_JavaBean.aj
C:\MasterBuildLatest\saec\saec-domain-modules\saec-domain\src\main\java\com\bfds\wss\domain\ClaimEntry_Roo_Configurable.aj
C:\MasterBuildLatest\saec\saec-domain-modules\saec-domain\src\main\java\com\bfds\saec\claim\ClaimAnswerGroup_Roo_JavaBean.aj
C:\MasterBuildLatest\saec\saec-domain-modules\saec-domain\src\main\java\com\bfds\saec\domain\ClaimantEmploymentHistory_Roo_ToString.aj
C:\MasterBuildLatest\saec\saec-domain-modules\saec-domain\src\main\java\com\bfds\saec\claim\ClaimQuestionnaireToUserResponseGroupMapper.java
C:\MasterBuildLatest\saec\saec-domain-modules\saec-domain\src\main\java\com\bfds\wss\domain\ClaimEntryUserResponseGroup_Roo_Configurable.aj
C:\MasterBuildLatest\saec\saec-domain-modules\saec-domain\src\main\java\com\bfds\saec\domain\dto\TranchAssignmentSearchRecordDto_Roo_JavaBean.aj
C:\MasterBuildLatest\saec\saec-domain-modules\saec-domain\src\main\java\com\bfds\wss\domain\SecurityUser_Roo_Configurable.aj
C:\MasterBuildLatest\saec\saec-domain-modules\saec-domain\src\main\java\com\bfds\wss\domain\reference\SecurityNavRef_Roo_JavaBean.aj
C:\MasterBuildLatest\saec\saec-domain-modules\saec-domain\src\main\java\com\bfds\wss\domain\reference\ReminderType_Roo_Configurable.aj
C:\MasterBuildLatest\saec\saec-domain-modules\saec-domain\src\main\java\com\bfds\saec\domain\InfoForNewAddressResearch.java
C:\MasterBuildLatest\saec\saec-domain-modules\saec-domain\src\main\java\com\bfds\saec\domain\ClaimantAddress_Roo_Jpa_ActiveRecord.aj
C:\MasterBuildLatest\saec\saec-domain-modules\saec-domain\src\main\java\com\bfds\wss\domain\ClaimantPosition_Roo_Jpa_Entity.aj
C:\MasterBuildLatest\saec\saec-domain-modules\saec-domain\src\main\java\com\bfds\saec\domain\activity\Contact.java
C:\MasterBuildLatest\saec\saec-domain-modules\saec-domain\src\main\java\com\bfds\saec\domain\dto\TranchAssignmentSearchCriteriaDto.java
C:\MasterBuildLatest\saec\saec-domain-modules\saec-domain\src\main\java\com\bfds\wss\domain\reference\ProofType.java
C:\MasterBuildLatest\saec\saec-domain-modules\saec-domain\src\main\java\com\bfds\saec\claim\ClaimAnswer.java
C:\MasterBuildLatest\saec\saec-domain-modules\saec-domain\src\main\java\com\bfds\wss\domain\ClaimantClaimReferenceNumber.java
C:\MasterBuildLatest\saec\saec-domain-modules\saec-domain\src\main\java\com\bfds\saec\domain\activity\NameChange_Roo_Jpa_ActiveRecord.aj
C:\MasterBuildLatest\saec\saec-domain-modules\saec-domain\src\main\java\com\bfds\saec\domain\PaymentState_Roo_ToString.aj
C:\MasterBuildLatest\saec\saec-domain-modules\saec-domain\src\main\java\com\bfds\saec\domain\reference\ContactType.java
C:\MasterBuildLatest\saec\saec-domain-modules\saec-domain\src\main\java\com\bfds\wss\domain\SecurityQuestion_Roo_Jpa_ActiveRecord.aj
C:\MasterBuildLatest\saec\saec-domain-modules\saec-domain\src\main\java\com\bfds\wss\domain\reference\ClaimantDistributionType.java
C:\MasterBuildLatest\saec\saec-domain-modules\saec-domain\src\main\java\com\bfds\saec\domain\MailObjectAddress.java
C:\MasterBuildLatest\saec\saec-domain-modules\saec-domain\src\main\java\com\bfds\wss\domain\ClaimFileUploaded_Roo_Jpa_Entity.aj
C:\MasterBuildLatest\saec\saec-domain-modules\saec-domain\src\main\java\com\bfds\saec\domain\Tranch_Roo_ToString.aj
C:\MasterBuildLatest\saec\saec-domain-modules\saec-domain\src\main\java\com\bfds\saec\domain\reference\PaymentType.java
C:\MasterBuildLatest\saec\saec-domain-modules\saec-domain\src\main\java\com\bfds\wss\domain\reference\TransactionType_Roo_JavaBean.aj
C:\MasterBuildLatest\saec\saec-domain-modules\saec-domain\src\main\java\com\bfds\wss\domain\ClaimantReminder_Roo_JavaBean.aj
C:\MasterBuildLatest\saec\saec-domain-modules\saec-domain\src\main\java\com\bfds\saec\domain\IClaimantStatusRules.java
C:\MasterBuildLatest\saec\saec-domain-modules\saec-domain\src\main\java\com\bfds\wss\domain\reference\SecurityNavRef.java
C:\MasterBuildLatest\saec\saec-domain-modules\saec-domain\src\main\java\com\bfds\saec\domain\PaymentState_Roo_Configurable.aj
C:\MasterBuildLatest\saec\saec-domain-modules\saec-domain\src\main\java\com\bfds\wss\domain\reference\SecurityNavRef_Roo_Jpa_ActiveRecord.aj
C:\MasterBuildLatest\saec\saec-domain-modules\saec-domain\src\main\java\com\bfds\saec\domain\activity\AlternatePayeeActivity_Roo_Jpa_Entity.aj
C:\MasterBuildLatest\saec\saec-domain-modules\saec-domain\src\main\java\com\bfds\wss\domain\reference\AdditionalQuestionsResponses_Roo_JavaBean.aj
C:\MasterBuildLatest\saec\saec-domain-modules\saec-domain\src\main\java\com\bfds\wss\domain\reference\SecurityFund_Roo_JavaBean.aj
C:\MasterBuildLatest\saec\saec-domain-modules\saec-domain\src\main\java\com\bfds\wss\domain\ClaimFileUploaded_Roo_Configurable.aj
C:\MasterBuildLatest\saec\saec-domain-modules\saec-domain\src\main\java\com\bfds\saec\domain\listener\ActivityEventListener.java
C:\MasterBuildLatest\saec\saec-domain-modules\saec-domain\src\main\java\com\bfds\saec\domain\Contact_Roo_Jpa_Entity.aj
C:\MasterBuildLatest\saec\saec-domain-modules\saec-domain\src\main\java\com\bfds\saec\domain\Payment_Roo_Jpa_Entity.aj
C:\MasterBuildLatest\saec\saec-domain-modules\saec-domain\src\main\java\com\bfds\saec\domain\Tranch_Roo_Jpa_Entity.aj
C:\MasterBuildLatest\saec\saec-domain-modules\saec-domain\src\main\java\com\bfds\saec\domain\activity\GeneralAccountMaintenance.java
C:\MasterBuildLatest\saec\saec-domain-modules\saec-domain\src\main\java\com\bfds\saec\domain\activity\Activity_Roo_Jpa_ActiveRecord.aj
C:\MasterBuildLatest\saec\saec-domain-modules\saec-domain\src\main\java\com\bfds\saec\domain\activity\Activity_Roo_Configurable.aj
C:\MasterBuildLatest\saec\saec-domain-modules\saec-domain\src\main\java\com\bfds\wss\domain\ClaimFileLob_Roo_Jpa_Entity.aj
C:\MasterBuildLatest\saec\saec-domain-modules\saec-domain\src\main\java\com\bfds\saec\domain\activity\PhoneCall.java
C:\MasterBuildLatest\saec\saec-domain-modules\saec-domain\src\main\java\com\bfds\saec\domain\dto\AbstractSearchCriteriaDto.java
C:\MasterBuildLatest\saec\saec-domain-modules\saec-domain\src\main\java\com\bfds\saec\domain\reference\CallReason_Roo_Jpa_ActiveRecord.aj
C:\MasterBuildLatest\saec\saec-domain-modules\saec-domain\src\main\java\com\bfds\wss\domain\reference\ProofType_Roo_Jpa_ActiveRecord.aj
C:\MasterBuildLatest\saec\saec-domain-modules\saec-domain\src\main\java\com\bfds\wss\domain\ClaimantClaimId.java
C:\MasterBuildLatest\saec\saec-domain-modules\saec-domain\src\main\java\com\bfds\saec\domain\Claimant_Roo_Configurable.aj
C:\MasterBuildLatest\saec\saec-domain-modules\saec-domain\src\main\java\com\bfds\saec\domain\Claimant.java
C:\MasterBuildLatest\saec\saec-domain-modules\saec-domain\src\main\java\com\bfds\saec\domain\activity\PhoneCall_Roo_Configurable.aj
C:\MasterBuildLatest\saec\saec-domain-modules\saec-domain\src\main\java\com\bfds\saec\domain\MailObjectAddress_Roo_JavaBean.aj
C:\MasterBuildLatest\saec\saec-domain-modules\saec-domain\src\main\java\com\bfds\wss\domain\ClaimActivity_Roo_JavaBean.aj
C:\MasterBuildLatest\saec\saec-domain-modules\saec-domain\src\main\java\com\bfds\wss\domain\ClaimEntryUserResponseGroup_Roo_JavaBean.aj
C:\MasterBuildLatest\saec\saec-domain-modules\saec-domain\src\main\java\com\bfds\wss\domain\SecurityQuestion.java
C:\MasterBuildLatest\saec\saec-domain-modules\saec-domain\src\main\java\com\bfds\wss\domain\ClaimEntryPosition_Roo_Jpa_ActiveRecord.aj
C:\MasterBuildLatest\saec\saec-domain-modules\saec-domain\src\main\java\com\bfds\wss\domain\ClaimUserResponseGroup_Roo_Jpa_ActiveRecord.aj
C:\MasterBuildLatest\saec\saec-domain-modules\saec-domain\src\main\java\com\bfds\wss\domain\UserResponse_Roo_Jpa_ActiveRecord.aj
C:\MasterBuildLatest\saec\saec-domain-modules\saec-domain\src\main\java\com\bfds\saec\domain\AddressResearchReturn_Roo_Finder.aj
C:\MasterBuildLatest\saec\saec-domain-modules\saec-domain\src\main\java\com\bfds\saec\domain\InfoForNewAddressResearch_Roo_ToString.aj
C:\MasterBuildLatest\saec\saec-domain-modules\saec-domain\src\main\java\com\bfds\wss\domain\UserResponseGroup_Roo_Jpa_ActiveRecord.aj
C:\MasterBuildLatest\saec\saec-domain-modules\saec-domain\src\main\java\com\bfds\wss\domain\ClaimProof_Roo_Configurable.aj
C:\MasterBuildLatest\saec\saec-domain-modules\saec-domain\src\main\java\com\bfds\wss\domain\ClaimantReminder_Roo_Jpa_Entity.aj
C:\MasterBuildLatest\saec\saec-domain-modules\saec-domain\src\main\java\com\bfds\saec\domain\activity\PhoneCall_Roo_Jpa_Entity.aj
C:\MasterBuildLatest\saec\saec-domain-modules\saec-domain\src\main\java\com\bfds\saec\domain\activity\NameChange_Roo_Jpa_Entity.aj
C:\MasterBuildLatest\saec\saec-domain-modules\saec-domain\src\main\java\com\bfds\saec\domain\activity\ContactChange_Roo_Jpa_ActiveRecord.aj
C:\MasterBuildLatest\saec\saec-domain-modules\saec-domain\src\main\java\com\bfds\saec\domain\Tranch_Roo_Jpa_ActiveRecord.aj
C:\MasterBuildLatest\saec\saec-domain-modules\saec-domain\src\main\java\com\bfds\saec\domain\Claimant_Roo_JavaBean.aj
C:\MasterBuildLatest\saec\saec-domain-modules\saec-domain\src\main\java\com\bfds\saec\domain\ClaimantAddress.java
C:\MasterBuildLatest\saec\saec-domain-modules\saec-domain\src\main\java\com\bfds\saec\domain\Contact_Roo_JavaBean.aj
C:\MasterBuildLatest\saec\saec-domain-modules\saec-domain\src\main\java\com\bfds\saec\domain\reference\PaymentVoidReason.java
C:\MasterBuildLatest\saec\saec-domain-modules\saec-domain\src\main\java\com\bfds\saec\domain\Payment.java
C:\MasterBuildLatest\saec\saec-domain-modules\saec-domain\src\main\java\com\bfds\saec\domain\dto\ClaimantPositionCriteriaDto.java
C:\MasterBuildLatest\saec\saec-domain-modules\saec-domain\src\main\java\com\bfds\saec\domain\activity\NameChange.java
C:\MasterBuildLatest\saec\saec-domain-modules\saec-domain\src\main\java\com\bfds\wss\domain\reference\ReminderType_Roo_Jpa_Entity.aj
C:\MasterBuildLatest\saec\saec-domain-modules\saec-domain\src\main\java\com\bfds\wss\domain\ClaimantUserResponses_Roo_Configurable.aj
C:\MasterBuildLatest\saec\saec-domain-modules\saec-domain\src\main\java\com\bfds\wss\domain\ClaimActivity_Roo_Configurable.aj
C:\MasterBuildLatest\saec\saec-domain-modules\saec-domain\src\main\java\com\bfds\wss\domain\ClaimantUserResponses_Roo_Jpa_Entity.aj
C:\MasterBuildLatest\saec\saec-domain-modules\saec-domain\src\main\java\com\bfds\saec\claim\ClaimAnswerGroup.java
C:\MasterBuildLatest\saec\saec-domain-modules\saec-domain\src\main\java\com\bfds\saec\claim\ClaimQuestionnaireToClaimantUserResponseGroupMapper.java
C:\MasterBuildLatest\saec\saec-domain-modules\saec-domain\src\main\java\com\bfds\wss\domain\reference\SecurityFund.java
C:\MasterBuildLatest\saec\saec-domain-modules\saec-domain\src\main\java\com\bfds\wss\domain\reference\AdditionalQuestionsResponses_Roo_Jpa_Entity.aj
C:\MasterBuildLatest\saec\saec-domain-modules\saec-domain\src\main\java\com\bfds\saec\domain\dto\AbstractSearchCriteriaDto_Roo_JavaBean.aj
C:\MasterBuildLatest\saec\saec-domain-modules\saec-domain\src\main\java\com\bfds\saec\domain\Payment_Roo_Jpa_ActiveRecord.aj
C:\MasterBuildLatest\saec\saec-domain-modules\saec-domain\src\main\java\com\bfds\saec\domain\activity\AddressChange_Roo_Jpa_Entity.aj
C:\MasterBuildLatest\saec\saec-domain-modules\saec-domain\src\main\java\com\bfds\saec\domain\activity\CheckActivity_Roo_Configurable.aj
C:\MasterBuildLatest\saec\saec-domain-modules\saec-domain\src\main\java\com\bfds\wss\domain\ClaimantReminder_Roo_Configurable.aj
C:\MasterBuildLatest\saec\saec-domain-modules\saec-domain\src\main\java\com\bfds\saec\domain\Contact_Roo_Configurable.aj
C:\MasterBuildLatest\saec\saec-domain-modules\saec-domain\src\main\java\com\bfds\wss\domain\ClaimEntryUserResponses_Roo_JavaBean.aj
C:\MasterBuildLatest\saec\saec-domain-modules\saec-domain\src\main\java\com\bfds\wss\domain\ClaimFileLob_Roo_Jpa_ActiveRecord.aj
C:\MasterBuildLatest\saec\saec-domain-modules\saec-domain\src\main\java\com\bfds\saec\domain\Letter_Roo_JavaBean.aj
C:\MasterBuildLatest\saec\saec-domain-modules\saec-domain\src\main\java\com\bfds\wss\domain\ClaimFileUploaded_Roo_JavaBean.aj
C:\MasterBuildLatest\saec\saec-domain-modules\saec-domain\src\main\java\com\bfds\saec\domain\activity\GeneralAccountMaintenanceChange.java
C:\MasterBuildLatest\saec\saec-domain-modules\saec-domain\src\main\java\com\bfds\saec\domain\reference\PaymentStatus.java
C:\MasterBuildLatest\saec\saec-domain-modules\saec-domain\src\main\java\com\bfds\wss\domain\SecurityUser.java
C:\MasterBuildLatest\saec\saec-domain-modules\saec-domain\src\main\java\com\bfds\saec\domain\activity\ActivityCode.java
C:\MasterBuildLatest\saec\saec-domain-modules\saec-domain\src\main\java\com\bfds\wss\domain\ClaimEntryUserResponses_Roo_Jpa_ActiveRecord.aj
C:\MasterBuildLatest\saec\saec-domain-modules\saec-domain\src\main\java\com\bfds\saec\domain\reference\CallType.java
C:\MasterBuildLatest\saec\saec-domain-modules\saec-domain\src\main\java\com\bfds\saec\domain\reference\CallCode_Roo_Jpa_Entity.aj
C:\MasterBuildLatest\saec\saec-domain-modules\saec-domain\src\main\java\com\bfds\wss\domain\ClaimantPosition_Roo_Configurable.aj
C:\MasterBuildLatest\saec\saec-domain-modules\saec-domain\src\main\java\com\bfds\wss\domain\ClaimantUserResponses.java
C:\MasterBuildLatest\saec\saec-domain-modules\saec-domain\src\main\java\com\bfds\saec\domain\activity\AlternatePayeeActivity_Roo_Configurable.aj
C:\MasterBuildLatest\saec\saec-domain-modules\saec-domain\src\main\java\com\bfds\saec\domain\reference\CallCode_Roo_ToString.aj
C:\MasterBuildLatest\saec\saec-domain-modules\saec-domain\src\main\java\com\bfds\saec\domain\ClaimantEmploymentHistory.java
C:\MasterBuildLatest\saec\saec-domain-modules\saec-domain\src\main\java\com\bfds\saec\domain\MailObjectAddress_Roo_Jpa_ActiveRecord.aj
C:\MasterBuildLatest\saec\saec-domain-modules\saec-domain\src\main\java\com\bfds\wss\domain\reference\SecurityRef_Roo_Jpa_Entity.aj
C:\MasterBuildLatest\saec\saec-domain-modules\saec-domain\src\main\java\com\bfds\saec\domain\ClaimantEmploymentHistory_Roo_JavaBean.aj
C:\MasterBuildLatest\saec\saec-domain-modules\saec-domain\src\main\java\com\bfds\wss\domain\ClaimantDistribution_Roo_JavaBean.aj
C:\MasterBuildLatest\saec\saec-domain-modules\saec-domain\src\main\java\com\bfds\wss\domain\reference\SecurityRef.java
C:\MasterBuildLatest\saec\saec-domain-modules\saec-domain\src\main\java\com\bfds\saec\domain\WireOriginationInfo.java
C:\MasterBuildLatest\saec\saec-domain-modules\saec-domain\src\main\java\com\bfds\wss\domain\ClaimEntry_Roo_JavaBean.aj
C:\MasterBuildLatest\saec\saec-domain-modules\saec-domain\src\main\java\com\bfds\wss\domain\UserResponseGroup_Roo_Configurable.aj
C:\MasterBuildLatest\saec\saec-domain-modules\saec-domain\src\main\java\com\bfds\wss\domain\UserResponse.java
C:\MasterBuildLatest\saec\saec-domain-modules\saec-domain\src\main\java\com\bfds\wss\domain\ClaimantPosition_Roo_JavaBean.aj
C:\MasterBuildLatest\saec\saec-domain-modules\saec-domain\src\main\java\com\bfds\wss\domain\ClaimActivity_Roo_Jpa_Entity.aj
C:\MasterBuildLatest\saec\saec-domain-modules\saec-domain\src\main\java\com\bfds\wss\domain\reference\TransactionType_Roo_Jpa_Entity.aj
C:\MasterBuildLatest\saec\saec-domain-modules\saec-domain\src\main\java\com\bfds\saec\domain\ClaimantRegistration_Roo_Jpa_ActiveRecord.aj
C:\MasterBuildLatest\saec\saec-domain-modules\saec-domain\src\main\java\com\bfds\wss\domain\reference\AdditionalQuestions_Roo_JavaBean.aj
C:\MasterBuildLatest\saec\saec-domain-modules\saec-domain\src\main\java\com\bfds\saec\domain\ClaimantCalculationAttributes.java
C:\MasterBuildLatest\saec\saec-domain-modules\saec-domain\src\main\java\com\bfds\wss\domain\ClaimUserResponseGroup.java
C:\MasterBuildLatest\saec\saec-domain-modules\saec-domain\src\main\java\com\bfds\saec\claim\ClaimantQuestionnaireBuilder.java
C:\MasterBuildLatest\saec\saec-domain-modules\saec-domain\src\main\java\com\bfds\wss\domain\ClaimEntryPosition_Roo_Jpa_Entity.aj
C:\MasterBuildLatest\saec\saec-domain-modules\saec-domain\src\main\java\com\bfds\wss\domain\ClaimantTransactions_Roo_Configurable.aj
C:\MasterBuildLatest\saec\saec-domain-modules\saec-domain\src\main\java\com\bfds\wss\domain\ClaimProof_Roo_Jpa_ActiveRecord.aj
C:\MasterBuildLatest\saec\saec-domain-modules\saec-domain\src\main\java\com\bfds\wss\domain\ClaimEntryTransactions_Roo_Jpa_Entity.aj
C:\MasterBuildLatest\saec\saec-domain-modules\saec-domain\src\main\java\com\bfds\saec\domain\activity\AddressChange.java
C:\MasterBuildLatest\saec\saec-domain-modules\saec-domain\src\main\java\com\bfds\wss\domain\ClaimEntryUserResponseGroup.java
C:\MasterBuildLatest\saec\saec-domain-modules\saec-domain\src\main\java\com\bfds\saec\domain\ClaimantAddress_Roo_JavaBean.aj
C:\MasterBuildLatest\saec\saec-domain-modules\saec-domain\src\main\java\com\bfds\saec\domain\activity\ContactChange_Roo_Jpa_Entity.aj
C:\MasterBuildLatest\saec\saec-domain-modules\saec-domain\src\main\java\com\bfds\wss\domain\reference\ProofType_Roo_Configurable.aj
C:\MasterBuildLatest\saec\saec-domain-modules\saec-domain\src\main\java\com\bfds\saec\domain\dto\ClaimantSearchCriteriaDto_Roo_JavaBean.aj
C:\MasterBuildLatest\saec\saec-domain-modules\saec-domain\src\main\java\com\bfds\saec\domain\reference\CallReason.java
C:\MasterBuildLatest\saec\saec-domain-modules\saec-domain\src\main\java\com\bfds\wss\domain\SecurityUser_Roo_Jpa_ActiveRecord.aj
C:\MasterBuildLatest\saec\saec-domain-modules\saec-domain\src\main\java\com\bfds\saec\claim\ClaimQuestionnaire_Roo_JavaBean.aj
C:\MasterBuildLatest\saec\saec-domain-modules\saec-domain\src\main\java\com\bfds\wss\domain\reference\QuestionGroup_Roo_Jpa_ActiveRecord.aj
C:\MasterBuildLatest\saec\saec-domain-modules\saec-domain\src\main\java\com\bfds\saec\domain\WireInfo_Roo_ToString.aj
C:\MasterBuildLatest\saec\saec-domain-modules\saec-domain\src\main\java\com\bfds\saec\domain\activity\Activity_Roo_Jpa_Entity.aj
C:\MasterBuildLatest\saec\saec-domain-modules\saec-domain\src\main\java\com\bfds\wss\domain\UserResponseGroup.java
C:\MasterBuildLatest\saec\saec-domain-modules\saec-domain\src\main\java\com\bfds\saec\domain\dto\TranchAssignmentSearchRecordDto.java
C:\MasterBuildLatest\saec\saec-domain-modules\saec-domain\src\main\java\com\bfds\wss\domain\reference\AdditionalQuestions_Roo_Jpa_Entity.aj
C:\MasterBuildLatest\saec\saec-domain-modules\saec-domain\src\main\java\com\bfds\saec\domain\activity\Contact_Roo_JavaBean.aj
C:\MasterBuildLatest\saec\saec-domain-modules\saec-domain\src\main\java\com\bfds\wss\domain\reference\SecurityNavRef_Roo_Jpa_Entity.aj
C:\MasterBuildLatest\saec\saec-domain-modules\saec-domain\src\main\java\com\bfds\wss\domain\SecurityQuestion_Roo_Jpa_Entity.aj
C:\MasterBuildLatest\saec\saec-domain-modules\saec-domain\src\main\java\com\bfds\saec\domain\activity\PhoneCall_Roo_JavaBean.aj
C:\MasterBuildLatest\saec\saec-domain-modules\saec-domain\src\main\java\com\bfds\saec\domain\activity\CheckActivity_Roo_JavaBean.aj
C:\MasterBuildLatest\saec\saec-domain-modules\saec-domain\src\main\java\com\bfds\saec\domain\dto\CheckReleaseSearchCriteriaDto.java
C:\MasterBuildLatest\saec\saec-domain-modules\saec-domain\src\main\java\com\bfds\saec\domain\dto\TranchAssignmentSearchCriteriaDto_Roo_JavaBean.aj
C:\MasterBuildLatest\saec\saec-domain-modules\saec-domain\src\main\java\com\bfds\wss\domain\reference\TransactionType_Roo_Configurable.aj
C:\MasterBuildLatest\saec\saec-domain-modules\saec-domain\src\main\java\com\bfds\wss\domain\ClaimantClaimId_Roo_Jpa_Entity.aj
